Compiling the C compiler identification source file "CMakeCCompilerId.c" failed.
Compiler: arm-none-eabi-gcc 
Build flags: -mcpu=cortex-m4;-mfloat-abi=hard;-mfpu=fpv4-sp-d16;-mthumb;-mthumb-interwork;-ffunction-sections;-fdata-sections;;;;;-g;-fno-common;-fmessage-length=0;;-std=gnu99;
Id flags:  

The output was:
系统找不到指定的文件。


Compiling the C compiler identification source file "CMakeCCompilerId.c" failed.
Compiler: arm-none-eabi-gcc 
Build flags: -mcpu=cortex-m4;-mfloat-abi=hard;-mfpu=fpv4-sp-d16;-mthumb;-mthumb-interwork;-ffunction-sections;-fdata-sections;;;;;-g;-fno-common;-fmessage-length=0;;-std=gnu99;
Id flags: -c 

The output was:
系统找不到指定的文件。


Compiling the C compiler identification source file "CMakeCCompilerId.c" failed.
Compiler: arm-none-eabi-gcc 
Build flags: -mcpu=cortex-m4;-mfloat-abi=hard;-mfpu=fpv4-sp-d16;-mthumb;-mthumb-interwork;-ffunction-sections;-fdata-sections;;;;;-g;-fno-common;-fmessage-length=0;;-std=gnu99;
Id flags: -Aa 

The output was:
系统找不到指定的文件。


Compiling the C compiler identification source file "CMakeCCompilerId.c" failed.
Compiler: arm-none-eabi-gcc 
Build flags: -mcpu=cortex-m4;-mfloat-abi=hard;-mfpu=fpv4-sp-d16;-mthumb;-mthumb-interwork;-ffunction-sections;-fdata-sections;;;;;-g;-fno-common;-fmessage-length=0;;-std=gnu99;
Id flags: -D__CLASSIC_C__ 

The output was:
系统找不到指定的文件。


Compiling the C compiler identification source file "CMakeCCompilerId.c" failed.
Compiler: arm-none-eabi-gcc 
Build flags: -mcpu=cortex-m4;-mfloat-abi=hard;-mfpu=fpv4-sp-d16;-mthumb;-mthumb-interwork;-ffunction-sections;-fdata-sections;;;;;-g;-fno-common;-fmessage-length=0;;-std=gnu99;
Id flags: --target=arm-arm-none-eabi;-mcpu=cortex-m3 

The output was:
系统找不到指定的文件。


Compiling the C compiler identification source file "CMakeCCompilerId.c" failed.
Compiler: arm-none-eabi-gcc 
Build flags: -mcpu=cortex-m4;-mfloat-abi=hard;-mfpu=fpv4-sp-d16;-mthumb;-mthumb-interwork;-ffunction-sections;-fdata-sections;;;;;-g;-fno-common;-fmessage-length=0;;-std=gnu99;
Id flags: -c;-I__does_not_exist__ 

The output was:
系统找不到指定的文件。


Compiling the C compiler identification source file "CMakeCCompilerId.c" failed.
Compiler: arm-none-eabi-gcc 
Build flags: 
Id flags:  

The output was:
系统找不到指定的文件。


Compiling the C compiler identification source file "CMakeCCompilerId.c" failed.
Compiler: arm-none-eabi-gcc 
Build flags: 
Id flags: -c 

The output was:
系统找不到指定的文件。


Compiling the C compiler identification source file "CMakeCCompilerId.c" failed.
Compiler: arm-none-eabi-gcc 
Build flags: 
Id flags: -Aa 

The output was:
系统找不到指定的文件。


Compiling the C compiler identification source file "CMakeCCompilerId.c" failed.
Compiler: arm-none-eabi-gcc 
Build flags: 
Id flags: -D__CLASSIC_C__ 

The output was:
系统找不到指定的文件。


Compiling the C compiler identification source file "CMakeCCompilerId.c" failed.
Compiler: arm-none-eabi-gcc 
Build flags: 
Id flags: --target=arm-arm-none-eabi;-mcpu=cortex-m3 

The output was:
系统找不到指定的文件。


Compiling the C compiler identification source file "CMakeCCompilerId.c" failed.
Compiler: arm-none-eabi-gcc 
Build flags: 
Id flags: -c;-I__does_not_exist__ 

The output was:
系统找不到指定的文件。


Checking whether the C compiler is IAR using "" did not match "IAR .+ Compiler":
Checking whether the C compiler is IAR using "" did not match "IAR .+ Compiler":
Compiling the CXX compiler identification source file "CMakeCXXCompilerId.cpp" failed.
Compiler: arm-none-eabi-g++ 
Build flags: -mcpu=cortex-m4;-mfloat-abi=hard;-mfpu=fpv4-sp-d16;-mthumb;-mthumb-interwork;-ffunction-sections;-fdata-sections;;;;;-g;-fno-common;-fmessage-length=0;;-std=c++11;
Id flags:  

The output was:
系统找不到指定的文件。


Compiling the CXX compiler identification source file "CMakeCXXCompilerId.cpp" failed.
Compiler: arm-none-eabi-g++ 
Build flags: -mcpu=cortex-m4;-mfloat-abi=hard;-mfpu=fpv4-sp-d16;-mthumb;-mthumb-interwork;-ffunction-sections;-fdata-sections;;;;;-g;-fno-common;-fmessage-length=0;;-std=c++11;
Id flags: -c 

The output was:
系统找不到指定的文件。


Compiling the CXX compiler identification source file "CMakeCXXCompilerId.cpp" failed.
Compiler: arm-none-eabi-g++ 
Build flags: -mcpu=cortex-m4;-mfloat-abi=hard;-mfpu=fpv4-sp-d16;-mthumb;-mthumb-interwork;-ffunction-sections;-fdata-sections;;;;;-g;-fno-common;-fmessage-length=0;;-std=c++11;
Id flags: --c++ 

The output was:
系统找不到指定的文件。


Compiling the CXX compiler identification source file "CMakeCXXCompilerId.cpp" failed.
Compiler: arm-none-eabi-g++ 
Build flags: -mcpu=cortex-m4;-mfloat-abi=hard;-mfpu=fpv4-sp-d16;-mthumb;-mthumb-interwork;-ffunction-sections;-fdata-sections;;;;;-g;-fno-common;-fmessage-length=0;;-std=c++11;
Id flags: --ec++ 

The output was:
系统找不到指定的文件。


Compiling the CXX compiler identification source file "CMakeCXXCompilerId.cpp" failed.
Compiler: arm-none-eabi-g++ 
Build flags: -mcpu=cortex-m4;-mfloat-abi=hard;-mfpu=fpv4-sp-d16;-mthumb;-mthumb-interwork;-ffunction-sections;-fdata-sections;;;;;-g;-fno-common;-fmessage-length=0;;-std=c++11;
Id flags: --target=arm-arm-none-eabi;-mcpu=cortex-m3 

The output was:
系统找不到指定的文件。


Compiling the CXX compiler identification source file "CMakeCXXCompilerId.cpp" failed.
Compiler: arm-none-eabi-g++ 
Build flags: -mcpu=cortex-m4;-mfloat-abi=hard;-mfpu=fpv4-sp-d16;-mthumb;-mthumb-interwork;-ffunction-sections;-fdata-sections;;;;;-g;-fno-common;-fmessage-length=0;;-std=c++11;
Id flags: -c;-I__does_not_exist__ 

The output was:
系统找不到指定的文件。


Compiling the CXX compiler identification source file "CMakeCXXCompilerId.cpp" failed.
Compiler: arm-none-eabi-g++ 
Build flags: 
Id flags:  

The output was:
系统找不到指定的文件。


Compiling the CXX compiler identification source file "CMakeCXXCompilerId.cpp" failed.
Compiler: arm-none-eabi-g++ 
Build flags: 
Id flags: -c 

The output was:
系统找不到指定的文件。


Compiling the CXX compiler identification source file "CMakeCXXCompilerId.cpp" failed.
Compiler: arm-none-eabi-g++ 
Build flags: 
Id flags: --c++ 

The output was:
系统找不到指定的文件。


Compiling the CXX compiler identification source file "CMakeCXXCompilerId.cpp" failed.
Compiler: arm-none-eabi-g++ 
Build flags: 
Id flags: --ec++ 

The output was:
系统找不到指定的文件。


Compiling the CXX compiler identification source file "CMakeCXXCompilerId.cpp" failed.
Compiler: arm-none-eabi-g++ 
Build flags: 
Id flags: --target=arm-arm-none-eabi;-mcpu=cortex-m3 

The output was:
系统找不到指定的文件。


Compiling the CXX compiler identification source file "CMakeCXXCompilerId.cpp" failed.
Compiler: arm-none-eabi-g++ 
Build flags: 
Id flags: -c;-I__does_not_exist__ 

The output was:
系统找不到指定的文件。


Checking whether the CXX compiler is IAR using "" did not match "IAR .+ Compiler":
Checking whether the CXX compiler is IAR using "" did not match "IAR .+ Compiler":
Checking whether the ASM compiler is GNU using "--version" did not match "(GNU assembler)|(GCC)|(Free Software Foundation)":
Checking whether the ASM compiler is Clang using "--version" did not match "(clang version)":
Checking whether the ASM compiler is AppleClang using "--version" did not match "(Apple LLVM version)":
Checking whether the ASM compiler is ARMClang using "--version" did not match "armclang":
Checking whether the ASM compiler is HP using "-V" did not match "HP C":
Checking whether the ASM compiler is Intel using "--version" did not match "(ICC)":
Checking whether the ASM compiler is IntelLLVM using "--version" did not match "(Intel[^
]+oneAPI)":
Checking whether the ASM compiler is SunPro using "-V" did not match "Sun C":
Checking whether the ASM compiler is XL using "-qversion" did not match "XL C":
Checking whether the ASM compiler is MSVC using "-?" did not match "Microsoft":
Checking whether the ASM compiler is TI using "-h" did not match "Texas Instruments":
Checking whether the ASM compiler is IAR using "" did not match "IAR Assembler":
Checking whether the ASM compiler is ARMCC using "" did not match "(ARM Compiler)|(ARM Assembler)|(Arm Compiler)":
Checking whether the ASM compiler is NASM using "-v" did not match "(NASM version)":
Checking whether the ASM compiler is YASM using "--version" did not match "(yasm)":
Checking whether the ASM compiler is ADSP using "-version" did not match "Analog Devices":
Checking whether the ASM compiler is QCC using "-V" did not match "gcc_nto":
Compiling the C compiler identification source file "CMakeCCompilerId.c" failed.
Compiler: arm-none-eabi-gcc 
Build flags: -mcpu=cortex-m4;-mfloat-abi=hard;-mfpu=fpv4-sp-d16;-mthumb;-mthumb-interwork;-ffunction-sections;-fdata-sections;;;;;-g;-fno-common;-fmessage-length=0;;-std=gnu99;
Id flags:  

The output was:
系统找不到指定的文件。


Compiling the C compiler identification source file "CMakeCCompilerId.c" failed.
Compiler: arm-none-eabi-gcc 
Build flags: -mcpu=cortex-m4;-mfloat-abi=hard;-mfpu=fpv4-sp-d16;-mthumb;-mthumb-interwork;-ffunction-sections;-fdata-sections;;;;;-g;-fno-common;-fmessage-length=0;;-std=gnu99;
Id flags: -c 

The output was:
系统找不到指定的文件。


Compiling the C compiler identification source file "CMakeCCompilerId.c" failed.
Compiler: arm-none-eabi-gcc 
Build flags: -mcpu=cortex-m4;-mfloat-abi=hard;-mfpu=fpv4-sp-d16;-mthumb;-mthumb-interwork;-ffunction-sections;-fdata-sections;;;;;-g;-fno-common;-fmessage-length=0;;-std=gnu99;
Id flags: -Aa 

The output was:
系统找不到指定的文件。


Compiling the C compiler identification source file "CMakeCCompilerId.c" failed.
Compiler: arm-none-eabi-gcc 
Build flags: -mcpu=cortex-m4;-mfloat-abi=hard;-mfpu=fpv4-sp-d16;-mthumb;-mthumb-interwork;-ffunction-sections;-fdata-sections;;;;;-g;-fno-common;-fmessage-length=0;;-std=gnu99;
Id flags: -D__CLASSIC_C__ 

The output was:
系统找不到指定的文件。


Compiling the C compiler identification source file "CMakeCCompilerId.c" failed.
Compiler: arm-none-eabi-gcc 
Build flags: -mcpu=cortex-m4;-mfloat-abi=hard;-mfpu=fpv4-sp-d16;-mthumb;-mthumb-interwork;-ffunction-sections;-fdata-sections;;;;;-g;-fno-common;-fmessage-length=0;;-std=gnu99;
Id flags: --target=arm-arm-none-eabi;-mcpu=cortex-m3 

The output was:
系统找不到指定的文件。


Compiling the C compiler identification source file "CMakeCCompilerId.c" failed.
Compiler: arm-none-eabi-gcc 
Build flags: -mcpu=cortex-m4;-mfloat-abi=hard;-mfpu=fpv4-sp-d16;-mthumb;-mthumb-interwork;-ffunction-sections;-fdata-sections;;;;;-g;-fno-common;-fmessage-length=0;;-std=gnu99;
Id flags: -c;-I__does_not_exist__ 

The output was:
系统找不到指定的文件。


Compiling the C compiler identification source file "CMakeCCompilerId.c" failed.
Compiler: arm-none-eabi-gcc 
Build flags: 
Id flags:  

The output was:
系统找不到指定的文件。


Compiling the C compiler identification source file "CMakeCCompilerId.c" failed.
Compiler: arm-none-eabi-gcc 
Build flags: 
Id flags: -c 

The output was:
系统找不到指定的文件。


Compiling the C compiler identification source file "CMakeCCompilerId.c" failed.
Compiler: arm-none-eabi-gcc 
Build flags: 
Id flags: -Aa 

The output was:
系统找不到指定的文件。


Compiling the C compiler identification source file "CMakeCCompilerId.c" failed.
Compiler: arm-none-eabi-gcc 
Build flags: 
Id flags: -D__CLASSIC_C__ 

The output was:
系统找不到指定的文件。


Compiling the C compiler identification source file "CMakeCCompilerId.c" failed.
Compiler: arm-none-eabi-gcc 
Build flags: 
Id flags: --target=arm-arm-none-eabi;-mcpu=cortex-m3 

The output was:
系统找不到指定的文件。


Compiling the C compiler identification source file "CMakeCCompilerId.c" failed.
Compiler: arm-none-eabi-gcc 
Build flags: 
Id flags: -c;-I__does_not_exist__ 

The output was:
系统找不到指定的文件。


Checking whether the C compiler is IAR using "" did not match "IAR .+ Compiler":
Checking whether the C compiler is IAR using "" did not match "IAR .+ Compiler":
Compiling the CXX compiler identification source file "CMakeCXXCompilerId.cpp" failed.
Compiler: arm-none-eabi-g++ 
Build flags: -mcpu=cortex-m4;-mfloat-abi=hard;-mfpu=fpv4-sp-d16;-mthumb;-mthumb-interwork;-ffunction-sections;-fdata-sections;;;;;-g;-fno-common;-fmessage-length=0;;-std=c++11;
Id flags:  

The output was:
系统找不到指定的文件。


Compiling the CXX compiler identification source file "CMakeCXXCompilerId.cpp" failed.
Compiler: arm-none-eabi-g++ 
Build flags: -mcpu=cortex-m4;-mfloat-abi=hard;-mfpu=fpv4-sp-d16;-mthumb;-mthumb-interwork;-ffunction-sections;-fdata-sections;;;;;-g;-fno-common;-fmessage-length=0;;-std=c++11;
Id flags: -c 

The output was:
系统找不到指定的文件。


Compiling the CXX compiler identification source file "CMakeCXXCompilerId.cpp" failed.
Compiler: arm-none-eabi-g++ 
Build flags: -mcpu=cortex-m4;-mfloat-abi=hard;-mfpu=fpv4-sp-d16;-mthumb;-mthumb-interwork;-ffunction-sections;-fdata-sections;;;;;-g;-fno-common;-fmessage-length=0;;-std=c++11;
Id flags: --c++ 

The output was:
系统找不到指定的文件。


Compiling the CXX compiler identification source file "CMakeCXXCompilerId.cpp" failed.
Compiler: arm-none-eabi-g++ 
Build flags: -mcpu=cortex-m4;-mfloat-abi=hard;-mfpu=fpv4-sp-d16;-mthumb;-mthumb-interwork;-ffunction-sections;-fdata-sections;;;;;-g;-fno-common;-fmessage-length=0;;-std=c++11;
Id flags: --ec++ 

The output was:
系统找不到指定的文件。


Compiling the CXX compiler identification source file "CMakeCXXCompilerId.cpp" failed.
Compiler: arm-none-eabi-g++ 
Build flags: -mcpu=cortex-m4;-mfloat-abi=hard;-mfpu=fpv4-sp-d16;-mthumb;-mthumb-interwork;-ffunction-sections;-fdata-sections;;;;;-g;-fno-common;-fmessage-length=0;;-std=c++11;
Id flags: --target=arm-arm-none-eabi;-mcpu=cortex-m3 

The output was:
系统找不到指定的文件。


Compiling the CXX compiler identification source file "CMakeCXXCompilerId.cpp" failed.
Compiler: arm-none-eabi-g++ 
Build flags: -mcpu=cortex-m4;-mfloat-abi=hard;-mfpu=fpv4-sp-d16;-mthumb;-mthumb-interwork;-ffunction-sections;-fdata-sections;;;;;-g;-fno-common;-fmessage-length=0;;-std=c++11;
Id flags: -c;-I__does_not_exist__ 

The output was:
系统找不到指定的文件。


Compiling the CXX compiler identification source file "CMakeCXXCompilerId.cpp" failed.
Compiler: arm-none-eabi-g++ 
Build flags: 
Id flags:  

The output was:
系统找不到指定的文件。


Compiling the CXX compiler identification source file "CMakeCXXCompilerId.cpp" failed.
Compiler: arm-none-eabi-g++ 
Build flags: 
Id flags: -c 

The output was:
系统找不到指定的文件。


Compiling the CXX compiler identification source file "CMakeCXXCompilerId.cpp" failed.
Compiler: arm-none-eabi-g++ 
Build flags: 
Id flags: --c++ 

The output was:
系统找不到指定的文件。


Compiling the CXX compiler identification source file "CMakeCXXCompilerId.cpp" failed.
Compiler: arm-none-eabi-g++ 
Build flags: 
Id flags: --ec++ 

The output was:
系统找不到指定的文件。


Compiling the CXX compiler identification source file "CMakeCXXCompilerId.cpp" failed.
Compiler: arm-none-eabi-g++ 
Build flags: 
Id flags: --target=arm-arm-none-eabi;-mcpu=cortex-m3 

The output was:
系统找不到指定的文件。


Compiling the CXX compiler identification source file "CMakeCXXCompilerId.cpp" failed.
Compiler: arm-none-eabi-g++ 
Build flags: 
Id flags: -c;-I__does_not_exist__ 

The output was:
系统找不到指定的文件。


Checking whether the CXX compiler is IAR using "" did not match "IAR .+ Compiler":
Checking whether the CXX compiler is IAR using "" did not match "IAR .+ Compiler":
Checking whether the ASM compiler is GNU using "--version" did not match "(GNU assembler)|(GCC)|(Free Software Foundation)":
Checking whether the ASM compiler is Clang using "--version" did not match "(clang version)":
Checking whether the ASM compiler is AppleClang using "--version" did not match "(Apple LLVM version)":
Checking whether the ASM compiler is ARMClang using "--version" did not match "armclang":
Checking whether the ASM compiler is HP using "-V" did not match "HP C":
Checking whether the ASM compiler is Intel using "--version" did not match "(ICC)":
Checking whether the ASM compiler is IntelLLVM using "--version" did not match "(Intel[^
]+oneAPI)":
Checking whether the ASM compiler is SunPro using "-V" did not match "Sun C":
Checking whether the ASM compiler is XL using "-qversion" did not match "XL C":
Checking whether the ASM compiler is MSVC using "-?" did not match "Microsoft":
Checking whether the ASM compiler is TI using "-h" did not match "Texas Instruments":
Checking whether the ASM compiler is IAR using "" did not match "IAR Assembler":
Checking whether the ASM compiler is ARMCC using "" did not match "(ARM Compiler)|(ARM Assembler)|(Arm Compiler)":
Checking whether the ASM compiler is NASM using "-v" did not match "(NASM version)":
Checking whether the ASM compiler is YASM using "--version" did not match "(yasm)":
Checking whether the ASM compiler is ADSP using "-version" did not match "Analog Devices":
Checking whether the ASM compiler is QCC using "-V" did not match "gcc_nto":
Compiling the C compiler identification source file "CMakeCCompilerId.c" failed.
Compiler: C:/Program Files (x86)/GNU Arm Embedded Toolchain/10 2021.10/bin/arm-none-eabi-gcc.exe 
Build flags: -mcpu=cortex-m4;-mfloat-abi=hard;-mfpu=fpv4-sp-d16;-mthumb;-mthumb-interwork;-ffunction-sections;-fdata-sections;;;;;-g;-fno-common;-fmessage-length=0;;-std=gnu99;
Id flags:  

The output was:
1
c:/program files (x86)/gnu arm embedded toolchain/10 2021.10/bin/../lib/gcc/arm-none-eabi/10.3.1/../../../../arm-none-eabi/bin/ld.exe: c:/program files (x86)/gnu arm embedded toolchain/10 2021.10/bin/../lib/gcc/arm-none-eabi/10.3.1/../../../../arm-none-eabi/lib/thumb/v7e-m+fp/hard\libg.a(lib_a-exit.o): in function `exit':
exit.c:(.text.exit+0x16): undefined reference to `_exit'
collect2.exe: error: ld returned 1 exit status


Compiling the CXX compiler identification source file "CMakeCXXCompilerId.cpp" failed.
Compiler: C:/Program Files (x86)/GNU Arm Embedded Toolchain/10 2021.10/bin/arm-none-eabi-g++.exe 
Build flags: -mcpu=cortex-m4;-mfloat-abi=hard;-mfpu=fpv4-sp-d16;-mthumb;-mthumb-interwork;-ffunction-sections;-fdata-sections;;;;;-g;-fno-common;-fmessage-length=0;;-std=c++11;
Id flags:  

The output was:
1
c:/program files (x86)/gnu arm embedded toolchain/10 2021.10/bin/../lib/gcc/arm-none-eabi/10.3.1/../../../../arm-none-eabi/bin/ld.exe: c:/program files (x86)/gnu arm embedded toolchain/10 2021.10/bin/../lib/gcc/arm-none-eabi/10.3.1/../../../../arm-none-eabi/lib/thumb/v7e-m+fp/hard\libg.a(lib_a-exit.o): in function `exit':
exit.c:(.text.exit+0x16): undefined reference to `_exit'
collect2.exe: error: ld returned 1 exit status


