The target system is: Generic - 1 - 
The host system is: Darwin - 19.6.0 - x86_64
Compiling the C compiler identification source file "CMakeCCompilerId.c" succeeded.
Compiler: /Users/dengzhijun/Desktop/opt/gcc-arm-none-eabi-5_4-2016q3/bin/arm-none-eabi-gcc 
Build flags: 
Id flags: -c 

The output was:
0


Compilation of the C compiler identification source "CMakeCCompilerId.c" produced "CMakeCCompilerId.o"

The C compiler identification is GNU, found in "/Users/dengzhijun/CLionProjects/miniFoc_F4/cmake-build-debug/CMakeFiles/3.15.3/CompilerIdC/CMakeCCompilerId.o"

Compiling the CXX compiler identification source file "CMakeCXXCompilerId.cpp" succeeded.
Compiler: /Users/dengzhijun/Desktop/opt/gcc-arm-none-eabi-5_4-2016q3/bin/arm-none-eabi-g++ 
Build flags: 
Id flags: -c 

The output was:
0


Compilation of the CXX compiler identification source "CMakeCXXCompilerId.cpp" produced "CMakeCXXCompilerId.o"

The CXX compiler identification is GNU, found in "/Users/dengzhijun/CLionProjects/miniFoc_F4/cmake-build-debug/CMakeFiles/3.15.3/CompilerIdCXX/CMakeCXXCompilerId.o"

Checking whether the ASM compiler is GNU using "--version" matched "(GNU assembler)|(GCC)|(Free Software Foundation)":
arm-none-eabi-gcc (GNU Tools for ARM Embedded Processors) 5.4.1 20160919 (release) [ARM/embedded-5-branch revision 240496]
Copyright (C) 2015 Free Software Foundation, Inc.
This is free software; see the source for copying conditions.  There is NO
warranty; not even for MERCHANTABILITY or FITNESS FOR A PARTICULAR PURPOSE.

Detecting C compiler ABI info compiled with the following output:
Change Dir: /Users/dengzhijun/CLionProjects/miniFoc_F4/cmake-build-debug/CMakeFiles/CMakeTmp

Run Build Command(s):/usr/bin/make cmTC_f2a11/fast && /Library/Developer/CommandLineTools/usr/bin/make -f CMakeFiles/cmTC_f2a11.dir/build.make CMakeFiles/cmTC_f2a11.dir/build
Building C object CMakeFiles/cmTC_f2a11.dir/CMakeCCompilerABI.c.obj
/Users/dengzhijun/Desktop/opt/gcc-arm-none-eabi-5_4-2016q3/bin/arm-none-eabi-gcc   -mcpu=cortex-m4  -mthumb -mthumb-interwork -ffunction-sections -fdata-sections     -g -fno-common -fmessage-length=0  -std=gnu99    -v -o CMakeFiles/cmTC_f2a11.dir/CMakeCCompilerABI.c.obj   -c /Applications/CLion.app/Contents/bin/cmake/mac/share/cmake-3.15/Modules/CMakeCCompilerABI.c
Using built-in specs.
COLLECT_GCC=/Users/dengzhijun/Desktop/opt/gcc-arm-none-eabi-5_4-2016q3/bin/arm-none-eabi-gcc
Target: arm-none-eabi
Configured with: /Users/build/workspace/GCC-5-build_build-toolchain-mac/gcc-arm-none-eabi-5_4-2016q3-20160926/src/gcc/configure --target=arm-none-eabi --prefix=/Users/build/workspace/GCC-5-build_build-toolchain-mac/gcc-arm-none-eabi-5_4-2016q3-20160926/install-native --libexecdir=/Users/build/workspace/GCC-5-build_build-toolchain-mac/gcc-arm-none-eabi-5_4-2016q3-20160926/install-native/lib --infodir=/Users/build/workspace/GCC-5-build_build-toolchain-mac/gcc-arm-none-eabi-5_4-2016q3-20160926/install-native/share/doc/gcc-arm-none-eabi/info --mandir=/Users/build/workspace/GCC-5-build_build-toolchain-mac/gcc-arm-none-eabi-5_4-2016q3-20160926/install-native/share/doc/gcc-arm-none-eabi/man --htmldir=/Users/build/workspace/GCC-5-build_build-toolchain-mac/gcc-arm-none-eabi-5_4-2016q3-20160926/install-native/share/doc/gcc-arm-none-eabi/html --pdfdir=/Users/build/workspace/GCC-5-build_build-toolchain-mac/gcc-arm-none-eabi-5_4-2016q3-20160926/install-native/share/doc/gcc-arm-none-eabi/pdf --enable-languages=c,c++ --enable-plugins --disable-decimal-float --disable-libffi --disable-libgomp --disable-libmudflap --disable-libquadmath --disable-libssp --disable-libstdcxx-pch --disable-nls --disable-shared --disable-threads --disable-tls --with-gnu-as --with-gnu-ld --with-newlib --with-headers=yes --with-python-dir=share/gcc-arm-none-eabi --with-sysroot=/Users/build/workspace/GCC-5-build_build-toolchain-mac/gcc-arm-none-eabi-5_4-2016q3-20160926/install-native/arm-none-eabi --build=x86_64-apple-darwin10 --host=x86_64-apple-darwin10 --with-gmp=/Users/build/workspace/GCC-5-build_build-toolchain-mac/gcc-arm-none-eabi-5_4-2016q3-20160926/build-native/host-libs/usr --with-mpfr=/Users/build/workspace/GCC-5-build_build-toolchain-mac/gcc-arm-none-eabi-5_4-2016q3-20160926/build-native/host-libs/usr --with-mpc=/Users/build/workspace/GCC-5-build_build-toolchain-mac/gcc-arm-none-eabi-5_4-2016q3-20160926/build-native/host-libs/usr --with-isl=/Users/build/workspace/GCC-5-build_build-toolchain-mac/gcc-arm-none-eabi-5_4-2016q3-20160926/build-native/host-libs/usr --with-cloog=/Users/build/workspace/GCC-5-build_build-toolchain-mac/gcc-arm-none-eabi-5_4-2016q3-20160926/build-native/host-libs/usr --with-libelf=/Users/build/workspace/GCC-5-build_build-toolchain-mac/gcc-arm-none-eabi-5_4-2016q3-20160926/build-native/host-libs/usr --with-host-libstdcxx='-static-libgcc -Wl,-lstdc++ -lm' --with-pkgversion='GNU Tools for ARM Embedded Processors' --with-multilib-list=armv6-m,armv7-m,armv7e-m,armv7-r,armv8-m.base,armv8-m.main
Thread model: single
gcc version 5.4.1 20160919 (release) [ARM/embedded-5-branch revision 240496] (GNU Tools for ARM Embedded Processors) 
COLLECT_GCC_OPTIONS='-mcpu=cortex-m4' '-mthumb' '-mthumb-interwork' '-ffunction-sections' '-fdata-sections' '-g' '-fno-common' '-fmessage-length=0' '-std=gnu99' '-v' '-o' 'CMakeFiles/cmTC_f2a11.dir/CMakeCCompilerABI.c.obj' '-c'
 /Users/dengzhijun/Desktop/opt/gcc-arm-none-eabi-5_4-2016q3/bin/../lib/gcc/arm-none-eabi/5.4.1/cc1 -quiet -v -imultilib armv7e-m -iprefix /Users/dengzhijun/Desktop/opt/gcc-arm-none-eabi-5_4-2016q3/bin/../lib/gcc/arm-none-eabi/5.4.1/ -isysroot /Users/dengzhijun/Desktop/opt/gcc-arm-none-eabi-5_4-2016q3/bin/../arm-none-eabi -D__USES_INITFINI__ /Applications/CLion.app/Contents/bin/cmake/mac/share/cmake-3.15/Modules/CMakeCCompilerABI.c -quiet -dumpbase CMakeCCompilerABI.c -mcpu=cortex-m4 -mthumb -mthumb-interwork -auxbase-strip CMakeFiles/cmTC_f2a11.dir/CMakeCCompilerABI.c.obj -g -std=gnu99 -version -ffunction-sections -fdata-sections -fno-common -fmessage-length=0 -o /var/folders/w4/ywd0rj_j0vgb4mmqw6gd47qh0000gn/T//ccYY9jkm.s
GNU C99 (GNU Tools for ARM Embedded Processors) version 5.4.1 20160919 (release) [ARM/embedded-5-branch revision 240496] (arm-none-eabi)
	compiled by GNU C version 4.2.1 (Based on Apple Inc. build 5658) (LLVM build 2336.9.00), GMP version 4.3.2, MPFR version 2.4.2, MPC version 0.8.1
GGC heuristics: --param ggc-min-expand=100 --param ggc-min-heapsize=131072
ignoring duplicate directory "/Users/dengzhijun/Desktop/opt/gcc-arm-none-eabi-5_4-2016q3/bin/../lib/gcc/../../lib/gcc/arm-none-eabi/5.4.1/include"
ignoring nonexistent directory "/Users/dengzhijun/Desktop/opt/gcc-arm-none-eabi-5_4-2016q3/bin/../arm-none-eabi/usr/local/include"
ignoring duplicate directory "/Users/dengzhijun/Desktop/opt/gcc-arm-none-eabi-5_4-2016q3/bin/../lib/gcc/../../lib/gcc/arm-none-eabi/5.4.1/include-fixed"
ignoring duplicate directory "/Users/dengzhijun/Desktop/opt/gcc-arm-none-eabi-5_4-2016q3/bin/../lib/gcc/../../lib/gcc/arm-none-eabi/5.4.1/../../../../arm-none-eabi/include"
ignoring nonexistent directory "/Users/dengzhijun/Desktop/opt/gcc-arm-none-eabi-5_4-2016q3/bin/../arm-none-eabi/usr/include"
#include "..." search starts here:
#include <...> search starts here:
 /Users/dengzhijun/Desktop/opt/gcc-arm-none-eabi-5_4-2016q3/bin/../lib/gcc/arm-none-eabi/5.4.1/include
 /Users/dengzhijun/Desktop/opt/gcc-arm-none-eabi-5_4-2016q3/bin/../lib/gcc/arm-none-eabi/5.4.1/include-fixed
 /Users/dengzhijun/Desktop/opt/gcc-arm-none-eabi-5_4-2016q3/bin/../lib/gcc/arm-none-eabi/5.4.1/../../../../arm-none-eabi/include
End of search list.
GNU C99 (GNU Tools for ARM Embedded Processors) version 5.4.1 20160919 (release) [ARM/embedded-5-branch revision 240496] (arm-none-eabi)
	compiled by GNU C version 4.2.1 (Based on Apple Inc. build 5658) (LLVM build 2336.9.00), GMP version 4.3.2, MPFR version 2.4.2, MPC version 0.8.1
GGC heuristics: --param ggc-min-expand=100 --param ggc-min-heapsize=131072
Compiler executable checksum: 8f50f338e802dca2f5500cdbc1dec3fe
COLLECT_GCC_OPTIONS='-mcpu=cortex-m4' '-mthumb' '-mthumb-interwork' '-ffunction-sections' '-fdata-sections' '-g' '-fno-common' '-fmessage-length=0' '-std=gnu99' '-v' '-o' 'CMakeFiles/cmTC_f2a11.dir/CMakeCCompilerABI.c.obj' '-c'
 /Users/dengzhijun/Desktop/opt/gcc-arm-none-eabi-5_4-2016q3/bin/../lib/gcc/arm-none-eabi/5.4.1/../../../../arm-none-eabi/bin/as -v -mcpu=cortex-m4 -mthumb-interwork -meabi=5 -o CMakeFiles/cmTC_f2a11.dir/CMakeCCompilerABI.c.obj /var/folders/w4/ywd0rj_j0vgb4mmqw6gd47qh0000gn/T//ccYY9jkm.s
GNU assembler version 2.26.2 (arm-none-eabi) using BFD version (GNU Tools for ARM Embedded Processors) 2.26.2.20160923
COMPILER_PATH=/Users/dengzhijun/Desktop/opt/gcc-arm-none-eabi-5_4-2016q3/bin/../lib/gcc/arm-none-eabi/5.4.1/:/Users/dengzhijun/Desktop/opt/gcc-arm-none-eabi-5_4-2016q3/bin/../lib/gcc/:/Users/dengzhijun/Desktop/opt/gcc-arm-none-eabi-5_4-2016q3/bin/../lib/gcc/arm-none-eabi/5.4.1/../../../../arm-none-eabi/bin/
LIBRARY_PATH=/Users/dengzhijun/Desktop/opt/gcc-arm-none-eabi-5_4-2016q3/bin/../lib/gcc/arm-none-eabi/5.4.1/armv7e-m/:/Users/dengzhijun/Desktop/opt/gcc-arm-none-eabi-5_4-2016q3/bin/../lib/gcc/arm-none-eabi/5.4.1/../../../../arm-none-eabi/lib/armv7e-m/:/Users/dengzhijun/Desktop/opt/gcc-arm-none-eabi-5_4-2016q3/bin/../arm-none-eabi/lib/armv7e-m/:/Users/dengzhijun/Desktop/opt/gcc-arm-none-eabi-5_4-2016q3/bin/../lib/gcc/arm-none-eabi/5.4.1/:/Users/dengzhijun/Desktop/opt/gcc-arm-none-eabi-5_4-2016q3/bin/../lib/gcc/:/Users/dengzhijun/Desktop/opt/gcc-arm-none-eabi-5_4-2016q3/bin/../lib/gcc/arm-none-eabi/5.4.1/../../../../arm-none-eabi/lib/:/Users/dengzhijun/Desktop/opt/gcc-arm-none-eabi-5_4-2016q3/bin/../arm-none-eabi/lib/
COLLECT_GCC_OPTIONS='-mcpu=cortex-m4' '-mthumb' '-mthumb-interwork' '-ffunction-sections' '-fdata-sections' '-g' '-fno-common' '-fmessage-length=0' '-std=gnu99' '-v' '-o' 'CMakeFiles/cmTC_f2a11.dir/CMakeCCompilerABI.c.obj' '-c'
Linking C executable cmTC_f2a11
/Applications/CLion.app/Contents/bin/cmake/mac/bin/cmake -E cmake_link_script CMakeFiles/cmTC_f2a11.dir/link.txt --verbose=1
/Users/dengzhijun/Desktop/opt/gcc-arm-none-eabi-5_4-2016q3/bin/arm-none-eabi-gcc -mcpu=cortex-m4  -mthumb -mthumb-interwork -ffunction-sections -fdata-sections     -g -fno-common -fmessage-length=0  -std=gnu99   -Wl,-gc-sections,--print-memory-usage -T /Users/dengzhijun/CLionProjects/miniFoc_F4/STM32F405RGTX_FLASH.ld -v CMakeFiles/cmTC_f2a11.dir/CMakeCCompilerABI.c.obj  -o cmTC_f2a11 
Using built-in specs.
COLLECT_GCC=/Users/dengzhijun/Desktop/opt/gcc-arm-none-eabi-5_4-2016q3/bin/arm-none-eabi-gcc
COLLECT_LTO_WRAPPER=/Users/dengzhijun/Desktop/opt/gcc-arm-none-eabi-5_4-2016q3/bin/../lib/gcc/arm-none-eabi/5.4.1/lto-wrapper
Target: arm-none-eabi
Configured with: /Users/build/workspace/GCC-5-build_build-toolchain-mac/gcc-arm-none-eabi-5_4-2016q3-20160926/src/gcc/configure --target=arm-none-eabi --prefix=/Users/build/workspace/GCC-5-build_build-toolchain-mac/gcc-arm-none-eabi-5_4-2016q3-20160926/install-native --libexecdir=/Users/build/workspace/GCC-5-build_build-toolchain-mac/gcc-arm-none-eabi-5_4-2016q3-20160926/install-native/lib --infodir=/Users/build/workspace/GCC-5-build_build-toolchain-mac/gcc-arm-none-eabi-5_4-2016q3-20160926/install-native/share/doc/gcc-arm-none-eabi/info --mandir=/Users/build/workspace/GCC-5-build_build-toolchain-mac/gcc-arm-none-eabi-5_4-2016q3-20160926/install-native/share/doc/gcc-arm-none-eabi/man --htmldir=/Users/build/workspace/GCC-5-build_build-toolchain-mac/gcc-arm-none-eabi-5_4-2016q3-20160926/install-native/share/doc/gcc-arm-none-eabi/html --pdfdir=/Users/build/workspace/GCC-5-build_build-toolchain-mac/gcc-arm-none-eabi-5_4-2016q3-20160926/install-native/share/doc/gcc-arm-none-eabi/pdf --enable-languages=c,c++ --enable-plugins --disable-decimal-float --disable-libffi --disable-libgomp --disable-libmudflap --disable-libquadmath --disable-libssp --disable-libstdcxx-pch --disable-nls --disable-shared --disable-threads --disable-tls --with-gnu-as --with-gnu-ld --with-newlib --with-headers=yes --with-python-dir=share/gcc-arm-none-eabi --with-sysroot=/Users/build/workspace/GCC-5-build_build-toolchain-mac/gcc-arm-none-eabi-5_4-2016q3-20160926/install-native/arm-none-eabi --build=x86_64-apple-darwin10 --host=x86_64-apple-darwin10 --with-gmp=/Users/build/workspace/GCC-5-build_build-toolchain-mac/gcc-arm-none-eabi-5_4-2016q3-20160926/build-native/host-libs/usr --with-mpfr=/Users/build/workspace/GCC-5-build_build-toolchain-mac/gcc-arm-none-eabi-5_4-2016q3-20160926/build-native/host-libs/usr --with-mpc=/Users/build/workspace/GCC-5-build_build-toolchain-mac/gcc-arm-none-eabi-5_4-2016q3-20160926/build-native/host-libs/usr --with-isl=/Users/build/workspace/GCC-5-build_build-toolchain-mac/gcc-arm-none-eabi-5_4-2016q3-20160926/build-native/host-libs/usr --with-cloog=/Users/build/workspace/GCC-5-build_build-toolchain-mac/gcc-arm-none-eabi-5_4-2016q3-20160926/build-native/host-libs/usr --with-libelf=/Users/build/workspace/GCC-5-build_build-toolchain-mac/gcc-arm-none-eabi-5_4-2016q3-20160926/build-native/host-libs/usr --with-host-libstdcxx='-static-libgcc -Wl,-lstdc++ -lm' --with-pkgversion='GNU Tools for ARM Embedded Processors' --with-multilib-list=armv6-m,armv7-m,armv7e-m,armv7-r,armv8-m.base,armv8-m.main
Thread model: single
gcc version 5.4.1 20160919 (release) [ARM/embedded-5-branch revision 240496] (GNU Tools for ARM Embedded Processors) 
COMPILER_PATH=/Users/dengzhijun/Desktop/opt/gcc-arm-none-eabi-5_4-2016q3/bin/../lib/gcc/arm-none-eabi/5.4.1/:/Users/dengzhijun/Desktop/opt/gcc-arm-none-eabi-5_4-2016q3/bin/../lib/gcc/:/Users/dengzhijun/Desktop/opt/gcc-arm-none-eabi-5_4-2016q3/bin/../lib/gcc/arm-none-eabi/5.4.1/../../../../arm-none-eabi/bin/
LIBRARY_PATH=/Users/dengzhijun/Desktop/opt/gcc-arm-none-eabi-5_4-2016q3/bin/../lib/gcc/arm-none-eabi/5.4.1/armv7e-m/:/Users/dengzhijun/Desktop/opt/gcc-arm-none-eabi-5_4-2016q3/bin/../lib/gcc/arm-none-eabi/5.4.1/../../../../arm-none-eabi/lib/armv7e-m/:/Users/dengzhijun/Desktop/opt/gcc-arm-none-eabi-5_4-2016q3/bin/../arm-none-eabi/lib/armv7e-m/:/Users/dengzhijun/Desktop/opt/gcc-arm-none-eabi-5_4-2016q3/bin/../lib/gcc/arm-none-eabi/5.4.1/:/Users/dengzhijun/Desktop/opt/gcc-arm-none-eabi-5_4-2016q3/bin/../lib/gcc/:/Users/dengzhijun/Desktop/opt/gcc-arm-none-eabi-5_4-2016q3/bin/../lib/gcc/arm-none-eabi/5.4.1/../../../../arm-none-eabi/lib/:/Users/dengzhijun/Desktop/opt/gcc-arm-none-eabi-5_4-2016q3/bin/../arm-none-eabi/lib/
COLLECT_GCC_OPTIONS='-mcpu=cortex-m4' '-mthumb' '-mthumb-interwork' '-ffunction-sections' '-fdata-sections' '-g' '-fno-common' '-fmessage-length=0' '-std=gnu99' '-T' '/Users/dengzhijun/CLionProjects/miniFoc_F4/STM32F405RGTX_FLASH.ld' '-v' '-o' 'cmTC_f2a11'
 /Users/dengzhijun/Desktop/opt/gcc-arm-none-eabi-5_4-2016q3/bin/../lib/gcc/arm-none-eabi/5.4.1/collect2 -plugin /Users/dengzhijun/Desktop/opt/gcc-arm-none-eabi-5_4-2016q3/bin/../lib/gcc/arm-none-eabi/5.4.1/liblto_plugin.so -plugin-opt=/Users/dengzhijun/Desktop/opt/gcc-arm-none-eabi-5_4-2016q3/bin/../lib/gcc/arm-none-eabi/5.4.1/lto-wrapper -plugin-opt=-fresolution=/var/folders/w4/ywd0rj_j0vgb4mmqw6gd47qh0000gn/T//ccmD3ewI.res -plugin-opt=-pass-through=-lgcc -plugin-opt=-pass-through=-lg -plugin-opt=-pass-through=-lc --sysroot=/Users/dengzhijun/Desktop/opt/gcc-arm-none-eabi-5_4-2016q3/bin/../arm-none-eabi -X -o cmTC_f2a11 /Users/dengzhijun/Desktop/opt/gcc-arm-none-eabi-5_4-2016q3/bin/../lib/gcc/arm-none-eabi/5.4.1/armv7e-m/crti.o /Users/dengzhijun/Desktop/opt/gcc-arm-none-eabi-5_4-2016q3/bin/../lib/gcc/arm-none-eabi/5.4.1/armv7e-m/crtbegin.o /Users/dengzhijun/Desktop/opt/gcc-arm-none-eabi-5_4-2016q3/bin/../lib/gcc/arm-none-eabi/5.4.1/../../../../arm-none-eabi/lib/armv7e-m/crt0.o -L/Users/dengzhijun/Desktop/opt/gcc-arm-none-eabi-5_4-2016q3/bin/../lib/gcc/arm-none-eabi/5.4.1/armv7e-m -L/Users/dengzhijun/Desktop/opt/gcc-arm-none-eabi-5_4-2016q3/bin/../lib/gcc/arm-none-eabi/5.4.1/../../../../arm-none-eabi/lib/armv7e-m -L/Users/dengzhijun/Desktop/opt/gcc-arm-none-eabi-5_4-2016q3/bin/../arm-none-eabi/lib/armv7e-m -L/Users/dengzhijun/Desktop/opt/gcc-arm-none-eabi-5_4-2016q3/bin/../lib/gcc/arm-none-eabi/5.4.1 -L/Users/dengzhijun/Desktop/opt/gcc-arm-none-eabi-5_4-2016q3/bin/../lib/gcc -L/Users/dengzhijun/Desktop/opt/gcc-arm-none-eabi-5_4-2016q3/bin/../lib/gcc/arm-none-eabi/5.4.1/../../../../arm-none-eabi/lib -L/Users/dengzhijun/Desktop/opt/gcc-arm-none-eabi-5_4-2016q3/bin/../arm-none-eabi/lib -gc-sections --print-memory-usage CMakeFiles/cmTC_f2a11.dir/CMakeCCompilerABI.c.obj --start-group -lgcc -lg -lc --end-group /Users/dengzhijun/Desktop/opt/gcc-arm-none-eabi-5_4-2016q3/bin/../lib/gcc/arm-none-eabi/5.4.1/armv7e-m/crtend.o /Users/dengzhijun/Desktop/opt/gcc-arm-none-eabi-5_4-2016q3/bin/../lib/gcc/arm-none-eabi/5.4.1/armv7e-m/crtn.o -T /Users/dengzhijun/CLionProjects/miniFoc_F4/STM32F405RGTX_FLASH.ld
Memory region         Used Size  Region Size  %age Used
          CCMRAM:          0 GB        64 KB      0.00%
             RAM:        2632 B       128 KB      2.01%
           FLASH:        1432 B         1 MB      0.14/Users/dengzhijun/Desktop/opt/gcc-arm-none-eabi-5_4-2016q3/bin/../lib/gcc/arm-none-eabi/5.4.1/../../../../arm-none-eabi/bin/ld: warning: cannot find entry symbol Reset_Handler; defaulting to 0000000008000000
%



Parsed C implicit include dir info from above output: rv=done
  found start of include info
  found start of implicit include info
    add: [/Users/dengzhijun/Desktop/opt/gcc-arm-none-eabi-5_4-2016q3/bin/../lib/gcc/arm-none-eabi/5.4.1/include]
    add: [/Users/dengzhijun/Desktop/opt/gcc-arm-none-eabi-5_4-2016q3/bin/../lib/gcc/arm-none-eabi/5.4.1/include-fixed]
    add: [/Users/dengzhijun/Desktop/opt/gcc-arm-none-eabi-5_4-2016q3/bin/../lib/gcc/arm-none-eabi/5.4.1/../../../../arm-none-eabi/include]
  end of search list found
  collapse include dir [/Users/dengzhijun/Desktop/opt/gcc-arm-none-eabi-5_4-2016q3/bin/../lib/gcc/arm-none-eabi/5.4.1/include] ==> [/Users/dengzhijun/Desktop/opt/gcc-arm-none-eabi-5_4-2016q3/lib/gcc/arm-none-eabi/5.4.1/include]
  collapse include dir [/Users/dengzhijun/Desktop/opt/gcc-arm-none-eabi-5_4-2016q3/bin/../lib/gcc/arm-none-eabi/5.4.1/include-fixed] ==> [/Users/dengzhijun/Desktop/opt/gcc-arm-none-eabi-5_4-2016q3/lib/gcc/arm-none-eabi/5.4.1/include-fixed]
  collapse include dir [/Users/dengzhijun/Desktop/opt/gcc-arm-none-eabi-5_4-2016q3/bin/../lib/gcc/arm-none-eabi/5.4.1/../../../../arm-none-eabi/include] ==> [/Users/dengzhijun/Desktop/opt/gcc-arm-none-eabi-5_4-2016q3/arm-none-eabi/include]
  implicit include dirs: [/Users/dengzhijun/Desktop/opt/gcc-arm-none-eabi-5_4-2016q3/lib/gcc/arm-none-eabi/5.4.1/include;/Users/dengzhijun/Desktop/opt/gcc-arm-none-eabi-5_4-2016q3/lib/gcc/arm-none-eabi/5.4.1/include-fixed;/Users/dengzhijun/Desktop/opt/gcc-arm-none-eabi-5_4-2016q3/arm-none-eabi/include]


Parsed C implicit link information from above output:
  link line regex: [^( *|.*[/\])(arm-none-eabi-ld|CMAKE_LINK_STARTFILE-NOTFOUND|([^/\]+-)?ld|collect2)[^/\]*( |$)]
  ignore line: [Change Dir: /Users/dengzhijun/CLionProjects/miniFoc_F4/cmake-build-debug/CMakeFiles/CMakeTmp]
  ignore line: []
  ignore line: [Run Build Command(s):/usr/bin/make cmTC_f2a11/fast && /Library/Developer/CommandLineTools/usr/bin/make -f CMakeFiles/cmTC_f2a11.dir/build.make CMakeFiles/cmTC_f2a11.dir/build]
  ignore line: [Building C object CMakeFiles/cmTC_f2a11.dir/CMakeCCompilerABI.c.obj]
  ignore line: [/Users/dengzhijun/Desktop/opt/gcc-arm-none-eabi-5_4-2016q3/bin/arm-none-eabi-gcc   -mcpu=cortex-m4  -mthumb -mthumb-interwork -ffunction-sections -fdata-sections     -g -fno-common -fmessage-length=0  -std=gnu99    -v -o CMakeFiles/cmTC_f2a11.dir/CMakeCCompilerABI.c.obj   -c /Applications/CLion.app/Contents/bin/cmake/mac/share/cmake-3.15/Modules/CMakeCCompilerABI.c]
  ignore line: [Using built-in specs.]
  ignore line: [COLLECT_GCC=/Users/dengzhijun/Desktop/opt/gcc-arm-none-eabi-5_4-2016q3/bin/arm-none-eabi-gcc]
  ignore line: [Target: arm-none-eabi]
  ignore line: [Configured with: /Users/build/workspace/GCC-5-build_build-toolchain-mac/gcc-arm-none-eabi-5_4-2016q3-20160926/src/gcc/configure --target=arm-none-eabi --prefix=/Users/build/workspace/GCC-5-build_build-toolchain-mac/gcc-arm-none-eabi-5_4-2016q3-20160926/install-native --libexecdir=/Users/build/workspace/GCC-5-build_build-toolchain-mac/gcc-arm-none-eabi-5_4-2016q3-20160926/install-native/lib --infodir=/Users/build/workspace/GCC-5-build_build-toolchain-mac/gcc-arm-none-eabi-5_4-2016q3-20160926/install-native/share/doc/gcc-arm-none-eabi/info --mandir=/Users/build/workspace/GCC-5-build_build-toolchain-mac/gcc-arm-none-eabi-5_4-2016q3-20160926/install-native/share/doc/gcc-arm-none-eabi/man --htmldir=/Users/build/workspace/GCC-5-build_build-toolchain-mac/gcc-arm-none-eabi-5_4-2016q3-20160926/install-native/share/doc/gcc-arm-none-eabi/html --pdfdir=/Users/build/workspace/GCC-5-build_build-toolchain-mac/gcc-arm-none-eabi-5_4-2016q3-20160926/install-native/share/doc/gcc-arm-none-eabi/pdf --enable-languages=c,c++ --enable-plugins --disable-decimal-float --disable-libffi --disable-libgomp --disable-libmudflap --disable-libquadmath --disable-libssp --disable-libstdcxx-pch --disable-nls --disable-shared --disable-threads --disable-tls --with-gnu-as --with-gnu-ld --with-newlib --with-headers=yes --with-python-dir=share/gcc-arm-none-eabi --with-sysroot=/Users/build/workspace/GCC-5-build_build-toolchain-mac/gcc-arm-none-eabi-5_4-2016q3-20160926/install-native/arm-none-eabi --build=x86_64-apple-darwin10 --host=x86_64-apple-darwin10 --with-gmp=/Users/build/workspace/GCC-5-build_build-toolchain-mac/gcc-arm-none-eabi-5_4-2016q3-20160926/build-native/host-libs/usr --with-mpfr=/Users/build/workspace/GCC-5-build_build-toolchain-mac/gcc-arm-none-eabi-5_4-2016q3-20160926/build-native/host-libs/usr --with-mpc=/Users/build/workspace/GCC-5-build_build-toolchain-mac/gcc-arm-none-eabi-5_4-2016q3-20160926/build-native/host-libs/usr --with-isl=/Users/build/workspace/GCC-5-build_build-toolchain-mac/gcc-arm-none-eabi-5_4-2016q3-20160926/build-native/host-libs/usr --with-cloog=/Users/build/workspace/GCC-5-build_build-toolchain-mac/gcc-arm-none-eabi-5_4-2016q3-20160926/build-native/host-libs/usr --with-libelf=/Users/build/workspace/GCC-5-build_build-toolchain-mac/gcc-arm-none-eabi-5_4-2016q3-20160926/build-native/host-libs/usr --with-host-libstdcxx='-static-libgcc -Wl,-lstdc++ -lm' --with-pkgversion='GNU Tools for ARM Embedded Processors' --with-multilib-list=armv6-m,armv7-m,armv7e-m,armv7-r,armv8-m.base,armv8-m.main]
  ignore line: [Thread model: single]
  ignore line: [gcc version 5.4.1 20160919 (release) [ARM/embedded-5-branch revision 240496] (GNU Tools for ARM Embedded Processors) ]
  ignore line: [COLLECT_GCC_OPTIONS='-mcpu=cortex-m4' '-mthumb' '-mthumb-interwork' '-ffunction-sections' '-fdata-sections' '-g' '-fno-common' '-fmessage-length=0' '-std=gnu99' '-v' '-o' 'CMakeFiles/cmTC_f2a11.dir/CMakeCCompilerABI.c.obj' '-c']
  ignore line: [ /Users/dengzhijun/Desktop/opt/gcc-arm-none-eabi-5_4-2016q3/bin/../lib/gcc/arm-none-eabi/5.4.1/cc1 -quiet -v -imultilib armv7e-m -iprefix /Users/dengzhijun/Desktop/opt/gcc-arm-none-eabi-5_4-2016q3/bin/../lib/gcc/arm-none-eabi/5.4.1/ -isysroot /Users/dengzhijun/Desktop/opt/gcc-arm-none-eabi-5_4-2016q3/bin/../arm-none-eabi -D__USES_INITFINI__ /Applications/CLion.app/Contents/bin/cmake/mac/share/cmake-3.15/Modules/CMakeCCompilerABI.c -quiet -dumpbase CMakeCCompilerABI.c -mcpu=cortex-m4 -mthumb -mthumb-interwork -auxbase-strip CMakeFiles/cmTC_f2a11.dir/CMakeCCompilerABI.c.obj -g -std=gnu99 -version -ffunction-sections -fdata-sections -fno-common -fmessage-length=0 -o /var/folders/w4/ywd0rj_j0vgb4mmqw6gd47qh0000gn/T//ccYY9jkm.s]
  ignore line: [GNU C99 (GNU Tools for ARM Embedded Processors) version 5.4.1 20160919 (release) [ARM/embedded-5-branch revision 240496] (arm-none-eabi)]
  ignore line: [	compiled by GNU C version 4.2.1 (Based on Apple Inc. build 5658) (LLVM build 2336.9.00), GMP version 4.3.2, MPFR version 2.4.2, MPC version 0.8.1]
  ignore line: [GGC heuristics: --param ggc-min-expand=100 --param ggc-min-heapsize=131072]
  ignore line: [ignoring duplicate directory "/Users/dengzhijun/Desktop/opt/gcc-arm-none-eabi-5_4-2016q3/bin/../lib/gcc/../../lib/gcc/arm-none-eabi/5.4.1/include"]
  ignore line: [ignoring nonexistent directory "/Users/dengzhijun/Desktop/opt/gcc-arm-none-eabi-5_4-2016q3/bin/../arm-none-eabi/usr/local/include"]
  ignore line: [ignoring duplicate directory "/Users/dengzhijun/Desktop/opt/gcc-arm-none-eabi-5_4-2016q3/bin/../lib/gcc/../../lib/gcc/arm-none-eabi/5.4.1/include-fixed"]
  ignore line: [ignoring duplicate directory "/Users/dengzhijun/Desktop/opt/gcc-arm-none-eabi-5_4-2016q3/bin/../lib/gcc/../../lib/gcc/arm-none-eabi/5.4.1/../../../../arm-none-eabi/include"]
  ignore line: [ignoring nonexistent directory "/Users/dengzhijun/Desktop/opt/gcc-arm-none-eabi-5_4-2016q3/bin/../arm-none-eabi/usr/include"]
  ignore line: [#include "..." search starts here:]
  ignore line: [#include <...> search starts here:]
  ignore line: [ /Users/dengzhijun/Desktop/opt/gcc-arm-none-eabi-5_4-2016q3/bin/../lib/gcc/arm-none-eabi/5.4.1/include]
  ignore line: [ /Users/dengzhijun/Desktop/opt/gcc-arm-none-eabi-5_4-2016q3/bin/../lib/gcc/arm-none-eabi/5.4.1/include-fixed]
  ignore line: [ /Users/dengzhijun/Desktop/opt/gcc-arm-none-eabi-5_4-2016q3/bin/../lib/gcc/arm-none-eabi/5.4.1/../../../../arm-none-eabi/include]
  ignore line: [End of search list.]
  ignore line: [GNU C99 (GNU Tools for ARM Embedded Processors) version 5.4.1 20160919 (release) [ARM/embedded-5-branch revision 240496] (arm-none-eabi)]
  ignore line: [	compiled by GNU C version 4.2.1 (Based on Apple Inc. build 5658) (LLVM build 2336.9.00), GMP version 4.3.2, MPFR version 2.4.2, MPC version 0.8.1]
  ignore line: [GGC heuristics: --param ggc-min-expand=100 --param ggc-min-heapsize=131072]
  ignore line: [Compiler executable checksum: 8f50f338e802dca2f5500cdbc1dec3fe]
  ignore line: [COLLECT_GCC_OPTIONS='-mcpu=cortex-m4' '-mthumb' '-mthumb-interwork' '-ffunction-sections' '-fdata-sections' '-g' '-fno-common' '-fmessage-length=0' '-std=gnu99' '-v' '-o' 'CMakeFiles/cmTC_f2a11.dir/CMakeCCompilerABI.c.obj' '-c']
  ignore line: [ /Users/dengzhijun/Desktop/opt/gcc-arm-none-eabi-5_4-2016q3/bin/../lib/gcc/arm-none-eabi/5.4.1/../../../../arm-none-eabi/bin/as -v -mcpu=cortex-m4 -mthumb-interwork -meabi=5 -o CMakeFiles/cmTC_f2a11.dir/CMakeCCompilerABI.c.obj /var/folders/w4/ywd0rj_j0vgb4mmqw6gd47qh0000gn/T//ccYY9jkm.s]
  ignore line: [GNU assembler version 2.26.2 (arm-none-eabi) using BFD version (GNU Tools for ARM Embedded Processors) 2.26.2.20160923]
  ignore line: [COMPILER_PATH=/Users/dengzhijun/Desktop/opt/gcc-arm-none-eabi-5_4-2016q3/bin/../lib/gcc/arm-none-eabi/5.4.1/:/Users/dengzhijun/Desktop/opt/gcc-arm-none-eabi-5_4-2016q3/bin/../lib/gcc/:/Users/dengzhijun/Desktop/opt/gcc-arm-none-eabi-5_4-2016q3/bin/../lib/gcc/arm-none-eabi/5.4.1/../../../../arm-none-eabi/bin/]
  ignore line: [LIBRARY_PATH=/Users/dengzhijun/Desktop/opt/gcc-arm-none-eabi-5_4-2016q3/bin/../lib/gcc/arm-none-eabi/5.4.1/armv7e-m/:/Users/dengzhijun/Desktop/opt/gcc-arm-none-eabi-5_4-2016q3/bin/../lib/gcc/arm-none-eabi/5.4.1/../../../../arm-none-eabi/lib/armv7e-m/:/Users/dengzhijun/Desktop/opt/gcc-arm-none-eabi-5_4-2016q3/bin/../arm-none-eabi/lib/armv7e-m/:/Users/dengzhijun/Desktop/opt/gcc-arm-none-eabi-5_4-2016q3/bin/../lib/gcc/arm-none-eabi/5.4.1/:/Users/dengzhijun/Desktop/opt/gcc-arm-none-eabi-5_4-2016q3/bin/../lib/gcc/:/Users/dengzhijun/Desktop/opt/gcc-arm-none-eabi-5_4-2016q3/bin/../lib/gcc/arm-none-eabi/5.4.1/../../../../arm-none-eabi/lib/:/Users/dengzhijun/Desktop/opt/gcc-arm-none-eabi-5_4-2016q3/bin/../arm-none-eabi/lib/]
  ignore line: [COLLECT_GCC_OPTIONS='-mcpu=cortex-m4' '-mthumb' '-mthumb-interwork' '-ffunction-sections' '-fdata-sections' '-g' '-fno-common' '-fmessage-length=0' '-std=gnu99' '-v' '-o' 'CMakeFiles/cmTC_f2a11.dir/CMakeCCompilerABI.c.obj' '-c']
  ignore line: [Linking C executable cmTC_f2a11]
  ignore line: [/Applications/CLion.app/Contents/bin/cmake/mac/bin/cmake -E cmake_link_script CMakeFiles/cmTC_f2a11.dir/link.txt --verbose=1]
  ignore line: [/Users/dengzhijun/Desktop/opt/gcc-arm-none-eabi-5_4-2016q3/bin/arm-none-eabi-gcc -mcpu=cortex-m4  -mthumb -mthumb-interwork -ffunction-sections -fdata-sections     -g -fno-common -fmessage-length=0  -std=gnu99   -Wl,-gc-sections,--print-memory-usage -T /Users/dengzhijun/CLionProjects/miniFoc_F4/STM32F405RGTX_FLASH.ld -v CMakeFiles/cmTC_f2a11.dir/CMakeCCompilerABI.c.obj  -o cmTC_f2a11 ]
  ignore line: [Using built-in specs.]
  ignore line: [COLLECT_GCC=/Users/dengzhijun/Desktop/opt/gcc-arm-none-eabi-5_4-2016q3/bin/arm-none-eabi-gcc]
  ignore line: [COLLECT_LTO_WRAPPER=/Users/dengzhijun/Desktop/opt/gcc-arm-none-eabi-5_4-2016q3/bin/../lib/gcc/arm-none-eabi/5.4.1/lto-wrapper]
  ignore line: [Target: arm-none-eabi]
  ignore line: [Configured with: /Users/build/workspace/GCC-5-build_build-toolchain-mac/gcc-arm-none-eabi-5_4-2016q3-20160926/src/gcc/configure --target=arm-none-eabi --prefix=/Users/build/workspace/GCC-5-build_build-toolchain-mac/gcc-arm-none-eabi-5_4-2016q3-20160926/install-native --libexecdir=/Users/build/workspace/GCC-5-build_build-toolchain-mac/gcc-arm-none-eabi-5_4-2016q3-20160926/install-native/lib --infodir=/Users/build/workspace/GCC-5-build_build-toolchain-mac/gcc-arm-none-eabi-5_4-2016q3-20160926/install-native/share/doc/gcc-arm-none-eabi/info --mandir=/Users/build/workspace/GCC-5-build_build-toolchain-mac/gcc-arm-none-eabi-5_4-2016q3-20160926/install-native/share/doc/gcc-arm-none-eabi/man --htmldir=/Users/build/workspace/GCC-5-build_build-toolchain-mac/gcc-arm-none-eabi-5_4-2016q3-20160926/install-native/share/doc/gcc-arm-none-eabi/html --pdfdir=/Users/build/workspace/GCC-5-build_build-toolchain-mac/gcc-arm-none-eabi-5_4-2016q3-20160926/install-native/share/doc/gcc-arm-none-eabi/pdf --enable-languages=c,c++ --enable-plugins --disable-decimal-float --disable-libffi --disable-libgomp --disable-libmudflap --disable-libquadmath --disable-libssp --disable-libstdcxx-pch --disable-nls --disable-shared --disable-threads --disable-tls --with-gnu-as --with-gnu-ld --with-newlib --with-headers=yes --with-python-dir=share/gcc-arm-none-eabi --with-sysroot=/Users/build/workspace/GCC-5-build_build-toolchain-mac/gcc-arm-none-eabi-5_4-2016q3-20160926/install-native/arm-none-eabi --build=x86_64-apple-darwin10 --host=x86_64-apple-darwin10 --with-gmp=/Users/build/workspace/GCC-5-build_build-toolchain-mac/gcc-arm-none-eabi-5_4-2016q3-20160926/build-native/host-libs/usr --with-mpfr=/Users/build/workspace/GCC-5-build_build-toolchain-mac/gcc-arm-none-eabi-5_4-2016q3-20160926/build-native/host-libs/usr --with-mpc=/Users/build/workspace/GCC-5-build_build-toolchain-mac/gcc-arm-none-eabi-5_4-2016q3-20160926/build-native/host-libs/usr --with-isl=/Users/build/workspace/GCC-5-build_build-toolchain-mac/gcc-arm-none-eabi-5_4-2016q3-20160926/build-native/host-libs/usr --with-cloog=/Users/build/workspace/GCC-5-build_build-toolchain-mac/gcc-arm-none-eabi-5_4-2016q3-20160926/build-native/host-libs/usr --with-libelf=/Users/build/workspace/GCC-5-build_build-toolchain-mac/gcc-arm-none-eabi-5_4-2016q3-20160926/build-native/host-libs/usr --with-host-libstdcxx='-static-libgcc -Wl,-lstdc++ -lm' --with-pkgversion='GNU Tools for ARM Embedded Processors' --with-multilib-list=armv6-m,armv7-m,armv7e-m,armv7-r,armv8-m.base,armv8-m.main]
  ignore line: [Thread model: single]
  ignore line: [gcc version 5.4.1 20160919 (release) [ARM/embedded-5-branch revision 240496] (GNU Tools for ARM Embedded Processors) ]
  ignore line: [COMPILER_PATH=/Users/dengzhijun/Desktop/opt/gcc-arm-none-eabi-5_4-2016q3/bin/../lib/gcc/arm-none-eabi/5.4.1/:/Users/dengzhijun/Desktop/opt/gcc-arm-none-eabi-5_4-2016q3/bin/../lib/gcc/:/Users/dengzhijun/Desktop/opt/gcc-arm-none-eabi-5_4-2016q3/bin/../lib/gcc/arm-none-eabi/5.4.1/../../../../arm-none-eabi/bin/]
  ignore line: [LIBRARY_PATH=/Users/dengzhijun/Desktop/opt/gcc-arm-none-eabi-5_4-2016q3/bin/../lib/gcc/arm-none-eabi/5.4.1/armv7e-m/:/Users/dengzhijun/Desktop/opt/gcc-arm-none-eabi-5_4-2016q3/bin/../lib/gcc/arm-none-eabi/5.4.1/../../../../arm-none-eabi/lib/armv7e-m/:/Users/dengzhijun/Desktop/opt/gcc-arm-none-eabi-5_4-2016q3/bin/../arm-none-eabi/lib/armv7e-m/:/Users/dengzhijun/Desktop/opt/gcc-arm-none-eabi-5_4-2016q3/bin/../lib/gcc/arm-none-eabi/5.4.1/:/Users/dengzhijun/Desktop/opt/gcc-arm-none-eabi-5_4-2016q3/bin/../lib/gcc/:/Users/dengzhijun/Desktop/opt/gcc-arm-none-eabi-5_4-2016q3/bin/../lib/gcc/arm-none-eabi/5.4.1/../../../../arm-none-eabi/lib/:/Users/dengzhijun/Desktop/opt/gcc-arm-none-eabi-5_4-2016q3/bin/../arm-none-eabi/lib/]
  ignore line: [COLLECT_GCC_OPTIONS='-mcpu=cortex-m4' '-mthumb' '-mthumb-interwork' '-ffunction-sections' '-fdata-sections' '-g' '-fno-common' '-fmessage-length=0' '-std=gnu99' '-T' '/Users/dengzhijun/CLionProjects/miniFoc_F4/STM32F405RGTX_FLASH.ld' '-v' '-o' 'cmTC_f2a11']
  link line: [ /Users/dengzhijun/Desktop/opt/gcc-arm-none-eabi-5_4-2016q3/bin/../lib/gcc/arm-none-eabi/5.4.1/collect2 -plugin /Users/dengzhijun/Desktop/opt/gcc-arm-none-eabi-5_4-2016q3/bin/../lib/gcc/arm-none-eabi/5.4.1/liblto_plugin.so -plugin-opt=/Users/dengzhijun/Desktop/opt/gcc-arm-none-eabi-5_4-2016q3/bin/../lib/gcc/arm-none-eabi/5.4.1/lto-wrapper -plugin-opt=-fresolution=/var/folders/w4/ywd0rj_j0vgb4mmqw6gd47qh0000gn/T//ccmD3ewI.res -plugin-opt=-pass-through=-lgcc -plugin-opt=-pass-through=-lg -plugin-opt=-pass-through=-lc --sysroot=/Users/dengzhijun/Desktop/opt/gcc-arm-none-eabi-5_4-2016q3/bin/../arm-none-eabi -X -o cmTC_f2a11 /Users/dengzhijun/Desktop/opt/gcc-arm-none-eabi-5_4-2016q3/bin/../lib/gcc/arm-none-eabi/5.4.1/armv7e-m/crti.o /Users/dengzhijun/Desktop/opt/gcc-arm-none-eabi-5_4-2016q3/bin/../lib/gcc/arm-none-eabi/5.4.1/armv7e-m/crtbegin.o /Users/dengzhijun/Desktop/opt/gcc-arm-none-eabi-5_4-2016q3/bin/../lib/gcc/arm-none-eabi/5.4.1/../../../../arm-none-eabi/lib/armv7e-m/crt0.o -L/Users/dengzhijun/Desktop/opt/gcc-arm-none-eabi-5_4-2016q3/bin/../lib/gcc/arm-none-eabi/5.4.1/armv7e-m -L/Users/dengzhijun/Desktop/opt/gcc-arm-none-eabi-5_4-2016q3/bin/../lib/gcc/arm-none-eabi/5.4.1/../../../../arm-none-eabi/lib/armv7e-m -L/Users/dengzhijun/Desktop/opt/gcc-arm-none-eabi-5_4-2016q3/bin/../arm-none-eabi/lib/armv7e-m -L/Users/dengzhijun/Desktop/opt/gcc-arm-none-eabi-5_4-2016q3/bin/../lib/gcc/arm-none-eabi/5.4.1 -L/Users/dengzhijun/Desktop/opt/gcc-arm-none-eabi-5_4-2016q3/bin/../lib/gcc -L/Users/dengzhijun/Desktop/opt/gcc-arm-none-eabi-5_4-2016q3/bin/../lib/gcc/arm-none-eabi/5.4.1/../../../../arm-none-eabi/lib -L/Users/dengzhijun/Desktop/opt/gcc-arm-none-eabi-5_4-2016q3/bin/../arm-none-eabi/lib -gc-sections --print-memory-usage CMakeFiles/cmTC_f2a11.dir/CMakeCCompilerABI.c.obj --start-group -lgcc -lg -lc --end-group /Users/dengzhijun/Desktop/opt/gcc-arm-none-eabi-5_4-2016q3/bin/../lib/gcc/arm-none-eabi/5.4.1/armv7e-m/crtend.o /Users/dengzhijun/Desktop/opt/gcc-arm-none-eabi-5_4-2016q3/bin/../lib/gcc/arm-none-eabi/5.4.1/armv7e-m/crtn.o -T /Users/dengzhijun/CLionProjects/miniFoc_F4/STM32F405RGTX_FLASH.ld]
    arg [/Users/dengzhijun/Desktop/opt/gcc-arm-none-eabi-5_4-2016q3/bin/../lib/gcc/arm-none-eabi/5.4.1/collect2] ==> ignore
    arg [-plugin] ==> ignore
    arg [/Users/dengzhijun/Desktop/opt/gcc-arm-none-eabi-5_4-2016q3/bin/../lib/gcc/arm-none-eabi/5.4.1/liblto_plugin.so] ==> ignore
    arg [-plugin-opt=/Users/dengzhijun/Desktop/opt/gcc-arm-none-eabi-5_4-2016q3/bin/../lib/gcc/arm-none-eabi/5.4.1/lto-wrapper] ==> ignore
    arg [-plugin-opt=-fresolution=/var/folders/w4/ywd0rj_j0vgb4mmqw6gd47qh0000gn/T//ccmD3ewI.res] ==> ignore
    arg [-plugin-opt=-pass-through=-lgcc] ==> ignore
    arg [-plugin-opt=-pass-through=-lg] ==> ignore
    arg [-plugin-opt=-pass-through=-lc] ==> ignore
    arg [--sysroot=/Users/dengzhijun/Desktop/opt/gcc-arm-none-eabi-5_4-2016q3/bin/../arm-none-eabi] ==> ignore
    arg [-X] ==> ignore
    arg [-o] ==> ignore
    arg [cmTC_f2a11] ==> ignore
    arg [/Users/dengzhijun/Desktop/opt/gcc-arm-none-eabi-5_4-2016q3/bin/../lib/gcc/arm-none-eabi/5.4.1/armv7e-m/crti.o] ==> ignore
    arg [/Users/dengzhijun/Desktop/opt/gcc-arm-none-eabi-5_4-2016q3/bin/../lib/gcc/arm-none-eabi/5.4.1/armv7e-m/crtbegin.o] ==> ignore
    arg [/Users/dengzhijun/Desktop/opt/gcc-arm-none-eabi-5_4-2016q3/bin/../lib/gcc/arm-none-eabi/5.4.1/../../../../arm-none-eabi/lib/armv7e-m/crt0.o] ==> ignore
    arg [-L/Users/dengzhijun/Desktop/opt/gcc-arm-none-eabi-5_4-2016q3/bin/../lib/gcc/arm-none-eabi/5.4.1/armv7e-m] ==> dir [/Users/dengzhijun/Desktop/opt/gcc-arm-none-eabi-5_4-2016q3/bin/../lib/gcc/arm-none-eabi/5.4.1/armv7e-m]
    arg [-L/Users/dengzhijun/Desktop/opt/gcc-arm-none-eabi-5_4-2016q3/bin/../lib/gcc/arm-none-eabi/5.4.1/../../../../arm-none-eabi/lib/armv7e-m] ==> dir [/Users/dengzhijun/Desktop/opt/gcc-arm-none-eabi-5_4-2016q3/bin/../lib/gcc/arm-none-eabi/5.4.1/../../../../arm-none-eabi/lib/armv7e-m]
    arg [-L/Users/dengzhijun/Desktop/opt/gcc-arm-none-eabi-5_4-2016q3/bin/../arm-none-eabi/lib/armv7e-m] ==> dir [/Users/dengzhijun/Desktop/opt/gcc-arm-none-eabi-5_4-2016q3/bin/../arm-none-eabi/lib/armv7e-m]
    arg [-L/Users/dengzhijun/Desktop/opt/gcc-arm-none-eabi-5_4-2016q3/bin/../lib/gcc/arm-none-eabi/5.4.1] ==> dir [/Users/dengzhijun/Desktop/opt/gcc-arm-none-eabi-5_4-2016q3/bin/../lib/gcc/arm-none-eabi/5.4.1]
    arg [-L/Users/dengzhijun/Desktop/opt/gcc-arm-none-eabi-5_4-2016q3/bin/../lib/gcc] ==> dir [/Users/dengzhijun/Desktop/opt/gcc-arm-none-eabi-5_4-2016q3/bin/../lib/gcc]
    arg [-L/Users/dengzhijun/Desktop/opt/gcc-arm-none-eabi-5_4-2016q3/bin/../lib/gcc/arm-none-eabi/5.4.1/../../../../arm-none-eabi/lib] ==> dir [/Users/dengzhijun/Desktop/opt/gcc-arm-none-eabi-5_4-2016q3/bin/../lib/gcc/arm-none-eabi/5.4.1/../../../../arm-none-eabi/lib]
    arg [-L/Users/dengzhijun/Desktop/opt/gcc-arm-none-eabi-5_4-2016q3/bin/../arm-none-eabi/lib] ==> dir [/Users/dengzhijun/Desktop/opt/gcc-arm-none-eabi-5_4-2016q3/bin/../arm-none-eabi/lib]
    arg [-gc-sections] ==> ignore
    arg [--print-memory-usage] ==> ignore
    arg [CMakeFiles/cmTC_f2a11.dir/CMakeCCompilerABI.c.obj] ==> ignore
    arg [--start-group] ==> ignore
    arg [-lgcc] ==> lib [gcc]
    arg [-lg] ==> lib [g]
    arg [-lc] ==> lib [c]
    arg [--end-group] ==> ignore
    arg [/Users/dengzhijun/Desktop/opt/gcc-arm-none-eabi-5_4-2016q3/bin/../lib/gcc/arm-none-eabi/5.4.1/armv7e-m/crtend.o] ==> ignore
    arg [/Users/dengzhijun/Desktop/opt/gcc-arm-none-eabi-5_4-2016q3/bin/../lib/gcc/arm-none-eabi/5.4.1/armv7e-m/crtn.o] ==> ignore
    arg [-T] ==> ignore
    arg [/Users/dengzhijun/CLionProjects/miniFoc_F4/STM32F405RGTX_FLASH.ld] ==> ignore
  collapse library dir [/Users/dengzhijun/Desktop/opt/gcc-arm-none-eabi-5_4-2016q3/bin/../lib/gcc/arm-none-eabi/5.4.1/armv7e-m] ==> [/Users/dengzhijun/Desktop/opt/gcc-arm-none-eabi-5_4-2016q3/lib/gcc/arm-none-eabi/5.4.1/armv7e-m]
  collapse library dir [/Users/dengzhijun/Desktop/opt/gcc-arm-none-eabi-5_4-2016q3/bin/../lib/gcc/arm-none-eabi/5.4.1/../../../../arm-none-eabi/lib/armv7e-m] ==> [/Users/dengzhijun/Desktop/opt/gcc-arm-none-eabi-5_4-2016q3/arm-none-eabi/lib/armv7e-m]
  collapse library dir [/Users/dengzhijun/Desktop/opt/gcc-arm-none-eabi-5_4-2016q3/bin/../arm-none-eabi/lib/armv7e-m] ==> [/Users/dengzhijun/Desktop/opt/gcc-arm-none-eabi-5_4-2016q3/arm-none-eabi/lib/armv7e-m]
  collapse library dir [/Users/dengzhijun/Desktop/opt/gcc-arm-none-eabi-5_4-2016q3/bin/../lib/gcc/arm-none-eabi/5.4.1] ==> [/Users/dengzhijun/Desktop/opt/gcc-arm-none-eabi-5_4-2016q3/lib/gcc/arm-none-eabi/5.4.1]
  collapse library dir [/Users/dengzhijun/Desktop/opt/gcc-arm-none-eabi-5_4-2016q3/bin/../lib/gcc] ==> [/Users/dengzhijun/Desktop/opt/gcc-arm-none-eabi-5_4-2016q3/lib/gcc]
  collapse library dir [/Users/dengzhijun/Desktop/opt/gcc-arm-none-eabi-5_4-2016q3/bin/../lib/gcc/arm-none-eabi/5.4.1/../../../../arm-none-eabi/lib] ==> [/Users/dengzhijun/Desktop/opt/gcc-arm-none-eabi-5_4-2016q3/arm-none-eabi/lib]
  collapse library dir [/Users/dengzhijun/Desktop/opt/gcc-arm-none-eabi-5_4-2016q3/bin/../arm-none-eabi/lib] ==> [/Users/dengzhijun/Desktop/opt/gcc-arm-none-eabi-5_4-2016q3/arm-none-eabi/lib]
  implicit libs: [gcc;g;c]
  implicit dirs: [/Users/dengzhijun/Desktop/opt/gcc-arm-none-eabi-5_4-2016q3/lib/gcc/arm-none-eabi/5.4.1/armv7e-m;/Users/dengzhijun/Desktop/opt/gcc-arm-none-eabi-5_4-2016q3/arm-none-eabi/lib/armv7e-m;/Users/dengzhijun/Desktop/opt/gcc-arm-none-eabi-5_4-2016q3/lib/gcc/arm-none-eabi/5.4.1;/Users/dengzhijun/Desktop/opt/gcc-arm-none-eabi-5_4-2016q3/lib/gcc;/Users/dengzhijun/Desktop/opt/gcc-arm-none-eabi-5_4-2016q3/arm-none-eabi/lib]
  implicit fwks: []


Detecting CXX compiler ABI info compiled with the following output:
Change Dir: /Users/dengzhijun/CLionProjects/miniFoc_F4/cmake-build-debug/CMakeFiles/CMakeTmp

Run Build Command(s):/usr/bin/make cmTC_6e12f/fast && /Library/Developer/CommandLineTools/usr/bin/make -f CMakeFiles/cmTC_6e12f.dir/build.make CMakeFiles/cmTC_6e12f.dir/build
Building CXX object CMakeFiles/cmTC_6e12f.dir/CMakeCXXCompilerABI.cpp.obj
/Users/dengzhijun/Desktop/opt/gcc-arm-none-eabi-5_4-2016q3/bin/arm-none-eabi-g++    -mcpu=cortex-m4  -mthumb -mthumb-interwork -ffunction-sections -fdata-sections     -g -fno-common -fmessage-length=0  -std=c++11    -v -o CMakeFiles/cmTC_6e12f.dir/CMakeCXXCompilerABI.cpp.obj -c /Applications/CLion.app/Contents/bin/cmake/mac/share/cmake-3.15/Modules/CMakeCXXCompilerABI.cpp
Using built-in specs.
COLLECT_GCC=/Users/dengzhijun/Desktop/opt/gcc-arm-none-eabi-5_4-2016q3/bin/arm-none-eabi-g++
Target: arm-none-eabi
Configured with: /Users/build/workspace/GCC-5-build_build-toolchain-mac/gcc-arm-none-eabi-5_4-2016q3-20160926/src/gcc/configure --target=arm-none-eabi --prefix=/Users/build/workspace/GCC-5-build_build-toolchain-mac/gcc-arm-none-eabi-5_4-2016q3-20160926/install-native --libexecdir=/Users/build/workspace/GCC-5-build_build-toolchain-mac/gcc-arm-none-eabi-5_4-2016q3-20160926/install-native/lib --infodir=/Users/build/workspace/GCC-5-build_build-toolchain-mac/gcc-arm-none-eabi-5_4-2016q3-20160926/install-native/share/doc/gcc-arm-none-eabi/info --mandir=/Users/build/workspace/GCC-5-build_build-toolchain-mac/gcc-arm-none-eabi-5_4-2016q3-20160926/install-native/share/doc/gcc-arm-none-eabi/man --htmldir=/Users/build/workspace/GCC-5-build_build-toolchain-mac/gcc-arm-none-eabi-5_4-2016q3-20160926/install-native/share/doc/gcc-arm-none-eabi/html --pdfdir=/Users/build/workspace/GCC-5-build_build-toolchain-mac/gcc-arm-none-eabi-5_4-2016q3-20160926/install-native/share/doc/gcc-arm-none-eabi/pdf --enable-languages=c,c++ --enable-plugins --disable-decimal-float --disable-libffi --disable-libgomp --disable-libmudflap --disable-libquadmath --disable-libssp --disable-libstdcxx-pch --disable-nls --disable-shared --disable-threads --disable-tls --with-gnu-as --with-gnu-ld --with-newlib --with-headers=yes --with-python-dir=share/gcc-arm-none-eabi --with-sysroot=/Users/build/workspace/GCC-5-build_build-toolchain-mac/gcc-arm-none-eabi-5_4-2016q3-20160926/install-native/arm-none-eabi --build=x86_64-apple-darwin10 --host=x86_64-apple-darwin10 --with-gmp=/Users/build/workspace/GCC-5-build_build-toolchain-mac/gcc-arm-none-eabi-5_4-2016q3-20160926/build-native/host-libs/usr --with-mpfr=/Users/build/workspace/GCC-5-build_build-toolchain-mac/gcc-arm-none-eabi-5_4-2016q3-20160926/build-native/host-libs/usr --with-mpc=/Users/build/workspace/GCC-5-build_build-toolchain-mac/gcc-arm-none-eabi-5_4-2016q3-20160926/build-native/host-libs/usr --with-isl=/Users/build/workspace/GCC-5-build_build-toolchain-mac/gcc-arm-none-eabi-5_4-2016q3-20160926/build-native/host-libs/usr --with-cloog=/Users/build/workspace/GCC-5-build_build-toolchain-mac/gcc-arm-none-eabi-5_4-2016q3-20160926/build-native/host-libs/usr --with-libelf=/Users/build/workspace/GCC-5-build_build-toolchain-mac/gcc-arm-none-eabi-5_4-2016q3-20160926/build-native/host-libs/usr --with-host-libstdcxx='-static-libgcc -Wl,-lstdc++ -lm' --with-pkgversion='GNU Tools for ARM Embedded Processors' --with-multilib-list=armv6-m,armv7-m,armv7e-m,armv7-r,armv8-m.base,armv8-m.main
Thread model: single
gcc version 5.4.1 20160919 (release) [ARM/embedded-5-branch revision 240496] (GNU Tools for ARM Embedded Processors) 
COLLECT_GCC_OPTIONS='-mcpu=cortex-m4' '-mthumb' '-mthumb-interwork' '-ffunction-sections' '-fdata-sections' '-g' '-fno-common' '-fmessage-length=0' '-std=c++11' '-v' '-o' 'CMakeFiles/cmTC_6e12f.dir/CMakeCXXCompilerABI.cpp.obj' '-c'
 /Users/dengzhijun/Desktop/opt/gcc-arm-none-eabi-5_4-2016q3/bin/../lib/gcc/arm-none-eabi/5.4.1/cc1plus -quiet -v -imultilib armv7e-m -iprefix /Users/dengzhijun/Desktop/opt/gcc-arm-none-eabi-5_4-2016q3/bin/../lib/gcc/arm-none-eabi/5.4.1/ -isysroot /Users/dengzhijun/Desktop/opt/gcc-arm-none-eabi-5_4-2016q3/bin/../arm-none-eabi -D__USES_INITFINI__ /Applications/CLion.app/Contents/bin/cmake/mac/share/cmake-3.15/Modules/CMakeCXXCompilerABI.cpp -quiet -dumpbase CMakeCXXCompilerABI.cpp -mcpu=cortex-m4 -mthumb -mthumb-interwork -auxbase-strip CMakeFiles/cmTC_6e12f.dir/CMakeCXXCompilerABI.cpp.obj -g -std=c++11 -version -ffunction-sections -fdata-sections -fno-common -fmessage-length=0 -o /var/folders/w4/ywd0rj_j0vgb4mmqw6gd47qh0000gn/T//ccNsHIMA.s
GNU C++11 (GNU Tools for ARM Embedded Processors) version 5.4.1 20160919 (release) [ARM/embedded-5-branch revision 240496] (arm-none-eabi)
	compiled by GNU C version 4.2.1 (Based on Apple Inc. build 5658) (LLVM build 2336.9.00), GMP version 4.3.2, MPFR version 2.4.2, MPC version 0.8.1
GGC heuristics: --param ggc-min-expand=100 --param ggc-min-heapsize=131072
ignoring duplicate directory "/Users/dengzhijun/Desktop/opt/gcc-arm-none-eabi-5_4-2016q3/bin/../lib/gcc/../../lib/gcc/arm-none-eabi/5.4.1/../../../../arm-none-eabi/include/c++/5.4.1"
ignoring duplicate directory "/Users/dengzhijun/Desktop/opt/gcc-arm-none-eabi-5_4-2016q3/bin/../lib/gcc/../../lib/gcc/arm-none-eabi/5.4.1/../../../../arm-none-eabi/include/c++/5.4.1/arm-none-eabi/armv7e-m"
ignoring duplicate directory "/Users/dengzhijun/Desktop/opt/gcc-arm-none-eabi-5_4-2016q3/bin/../lib/gcc/../../lib/gcc/arm-none-eabi/5.4.1/../../../../arm-none-eabi/include/c++/5.4.1/backward"
ignoring duplicate directory "/Users/dengzhijun/Desktop/opt/gcc-arm-none-eabi-5_4-2016q3/bin/../lib/gcc/../../lib/gcc/arm-none-eabi/5.4.1/include"
ignoring nonexistent directory "/Users/dengzhijun/Desktop/opt/gcc-arm-none-eabi-5_4-2016q3/bin/../arm-none-eabi/usr/local/include"
ignoring duplicate directory "/Users/dengzhijun/Desktop/opt/gcc-arm-none-eabi-5_4-2016q3/bin/../lib/gcc/../../lib/gcc/arm-none-eabi/5.4.1/include-fixed"
ignoring duplicate directory "/Users/dengzhijun/Desktop/opt/gcc-arm-none-eabi-5_4-2016q3/bin/../lib/gcc/../../lib/gcc/arm-none-eabi/5.4.1/../../../../arm-none-eabi/include"
ignoring nonexistent directory "/Users/dengzhijun/Desktop/opt/gcc-arm-none-eabi-5_4-2016q3/bin/../arm-none-eabi/usr/include"
#include "..." search starts here:
#include <...> search starts here:
 /Users/dengzhijun/Desktop/opt/gcc-arm-none-eabi-5_4-2016q3/bin/../lib/gcc/arm-none-eabi/5.4.1/../../../../arm-none-eabi/include/c++/5.4.1
 /Users/dengzhijun/Desktop/opt/gcc-arm-none-eabi-5_4-2016q3/bin/../lib/gcc/arm-none-eabi/5.4.1/../../../../arm-none-eabi/include/c++/5.4.1/arm-none-eabi/armv7e-m
 /Users/dengzhijun/Desktop/opt/gcc-arm-none-eabi-5_4-2016q3/bin/../lib/gcc/arm-none-eabi/5.4.1/../../../../arm-none-eabi/include/c++/5.4.1/backward
 /Users/dengzhijun/Desktop/opt/gcc-arm-none-eabi-5_4-2016q3/bin/../lib/gcc/arm-none-eabi/5.4.1/include
 /Users/dengzhijun/Desktop/opt/gcc-arm-none-eabi-5_4-2016q3/bin/../lib/gcc/arm-none-eabi/5.4.1/include-fixed
 /Users/dengzhijun/Desktop/opt/gcc-arm-none-eabi-5_4-2016q3/bin/../lib/gcc/arm-none-eabi/5.4.1/../../../../arm-none-eabi/include
End of search list.
GNU C++11 (GNU Tools for ARM Embedded Processors) version 5.4.1 20160919 (release) [ARM/embedded-5-branch revision 240496] (arm-none-eabi)
	compiled by GNU C version 4.2.1 (Based on Apple Inc. build 5658) (LLVM build 2336.9.00), GMP version 4.3.2, MPFR version 2.4.2, MPC version 0.8.1
GGC heuristics: --param ggc-min-expand=100 --param ggc-min-heapsize=131072
Compiler executable checksum: 76fd8cf3e92c91cdbf74e79d0688ed8b
COLLECT_GCC_OPTIONS='-mcpu=cortex-m4' '-mthumb' '-mthumb-interwork' '-ffunction-sections' '-fdata-sections' '-g' '-fno-common' '-fmessage-length=0' '-std=c++11' '-v' '-o' 'CMakeFiles/cmTC_6e12f.dir/CMakeCXXCompilerABI.cpp.obj' '-c'
 /Users/dengzhijun/Desktop/opt/gcc-arm-none-eabi-5_4-2016q3/bin/../lib/gcc/arm-none-eabi/5.4.1/../../../../arm-none-eabi/bin/as -v -mcpu=cortex-m4 -mthumb-interwork -meabi=5 -o CMakeFiles/cmTC_6e12f.dir/CMakeCXXCompilerABI.cpp.obj /var/folders/w4/ywd0rj_j0vgb4mmqw6gd47qh0000gn/T//ccNsHIMA.s
GNU assembler version 2.26.2 (arm-none-eabi) using BFD version (GNU Tools for ARM Embedded Processors) 2.26.2.20160923
COMPILER_PATH=/Users/dengzhijun/Desktop/opt/gcc-arm-none-eabi-5_4-2016q3/bin/../lib/gcc/arm-none-eabi/5.4.1/:/Users/dengzhijun/Desktop/opt/gcc-arm-none-eabi-5_4-2016q3/bin/../lib/gcc/:/Users/dengzhijun/Desktop/opt/gcc-arm-none-eabi-5_4-2016q3/bin/../lib/gcc/arm-none-eabi/5.4.1/../../../../arm-none-eabi/bin/
LIBRARY_PATH=/Users/dengzhijun/Desktop/opt/gcc-arm-none-eabi-5_4-2016q3/bin/../lib/gcc/arm-none-eabi/5.4.1/armv7e-m/:/Users/dengzhijun/Desktop/opt/gcc-arm-none-eabi-5_4-2016q3/bin/../lib/gcc/arm-none-eabi/5.4.1/../../../../arm-none-eabi/lib/armv7e-m/:/Users/dengzhijun/Desktop/opt/gcc-arm-none-eabi-5_4-2016q3/bin/../arm-none-eabi/lib/armv7e-m/:/Users/dengzhijun/Desktop/opt/gcc-arm-none-eabi-5_4-2016q3/bin/../lib/gcc/arm-none-eabi/5.4.1/:/Users/dengzhijun/Desktop/opt/gcc-arm-none-eabi-5_4-2016q3/bin/../lib/gcc/:/Users/dengzhijun/Desktop/opt/gcc-arm-none-eabi-5_4-2016q3/bin/../lib/gcc/arm-none-eabi/5.4.1/../../../../arm-none-eabi/lib/:/Users/dengzhijun/Desktop/opt/gcc-arm-none-eabi-5_4-2016q3/bin/../arm-none-eabi/lib/
COLLECT_GCC_OPTIONS='-mcpu=cortex-m4' '-mthumb' '-mthumb-interwork' '-ffunction-sections' '-fdata-sections' '-g' '-fno-common' '-fmessage-length=0' '-std=c++11' '-v' '-o' 'CMakeFiles/cmTC_6e12f.dir/CMakeCXXCompilerABI.cpp.obj' '-c'
Linking CXX executable cmTC_6e12f
/Applications/CLion.app/Contents/bin/cmake/mac/bin/cmake -E cmake_link_script CMakeFiles/cmTC_6e12f.dir/link.txt --verbose=1
/Users/dengzhijun/Desktop/opt/gcc-arm-none-eabi-5_4-2016q3/bin/arm-none-eabi-g++  -mcpu=cortex-m4  -mthumb -mthumb-interwork -ffunction-sections -fdata-sections     -g -fno-common -fmessage-length=0  -std=c++11   -Wl,-gc-sections,--print-memory-usage -T /Users/dengzhijun/CLionProjects/miniFoc_F4/STM32F405RGTX_FLASH.ld -v CMakeFiles/cmTC_6e12f.dir/CMakeCXXCompilerABI.cpp.obj  -o cmTC_6e12f 
Using built-in specs.
COLLECT_GCC=/Users/dengzhijun/Desktop/opt/gcc-arm-none-eabi-5_4-2016q3/bin/arm-none-eabi-g++
COLLECT_LTO_WRAPPER=/Users/dengzhijun/Desktop/opt/gcc-arm-none-eabi-5_4-2016q3/bin/../lib/gcc/arm-none-eabi/5.4.1/lto-wrapper
Target: arm-none-eabi
Configured with: /Users/build/workspace/GCC-5-build_build-toolchain-mac/gcc-arm-none-eabi-5_4-2016q3-20160926/src/gcc/configure --target=arm-none-eabi --prefix=/Users/build/workspace/GCC-5-build_build-toolchain-mac/gcc-arm-none-eabi-5_4-2016q3-20160926/install-native --libexecdir=/Users/build/workspace/GCC-5-build_build-toolchain-mac/gcc-arm-none-eabi-5_4-2016q3-20160926/install-native/lib --infodir=/Users/build/workspace/GCC-5-build_build-toolchain-mac/gcc-arm-none-eabi-5_4-2016q3-20160926/install-native/share/doc/gcc-arm-none-eabi/info --mandir=/Users/build/workspace/GCC-5-build_build-toolchain-mac/gcc-arm-none-eabi-5_4-2016q3-20160926/install-native/share/doc/gcc-arm-none-eabi/man --htmldir=/Users/build/workspace/GCC-5-build_build-toolchain-mac/gcc-arm-none-eabi-5_4-2016q3-20160926/install-native/share/doc/gcc-arm-none-eabi/html --pdfdir=/Users/build/workspace/GCC-5-build_build-toolchain-mac/gcc-arm-none-eabi-5_4-2016q3-20160926/install-native/share/doc/gcc-arm-none-eabi/pdf --enable-languages=c,c++ --enable-plugins --disable-decimal-float --disable-libffi --disable-libgomp --disable-libmudflap --disable-libquadmath --disable-libssp --disable-libstdcxx-pch --disable-nls --disable-shared --disable-threads --disable-tls --with-gnu-as --with-gnu-ld --with-newlib --with-headers=yes --with-python-dir=share/gcc-arm-none-eabi --with-sysroot=/Users/build/workspace/GCC-5-build_build-toolchain-mac/gcc-arm-none-eabi-5_4-2016q3-20160926/install-native/arm-none-eabi --build=x86_64-apple-darwin10 --host=x86_64-apple-darwin10 --with-gmp=/Users/build/workspace/GCC-5-build_build-toolchain-mac/gcc-arm-none-eabi-5_4-2016q3-20160926/build-native/host-libs/usr --with-mpfr=/Users/build/workspace/GCC-5-build_build-toolchain-mac/gcc-arm-none-eabi-5_4-2016q3-20160926/build-native/host-libs/usr --with-mpc=/Users/build/workspace/GCC-5-build_build-toolchain-mac/gcc-arm-none-eabi-5_4-2016q3-20160926/build-native/host-libs/usr --with-isl=/Users/build/workspace/GCC-5-build_build-toolchain-mac/gcc-arm-none-eabi-5_4-2016q3-20160926/build-native/host-libs/usr --with-cloog=/Users/build/workspace/GCC-5-build_build-toolchain-mac/gcc-arm-none-eabi-5_4-2016q3-20160926/build-native/host-libs/usr --with-libelf=/Users/build/workspace/GCC-5-build_build-toolchain-mac/gcc-arm-none-eabi-5_4-2016q3-20160926/build-native/host-libs/usr --with-host-libstdcxx='-static-libgcc -Wl,-lstdc++ -lm' --with-pkgversion='GNU Tools for ARM Embedded Processors' --with-multilib-list=armv6-m,armv7-m,armv7e-m,armv7-r,armv8-m.base,armv8-m.main
Thread model: single
gcc version 5.4.1 20160919 (release) [ARM/embedded-5-branch revision 240496] (GNU Tools for ARM Embedded Processors) 
COMPILER_PATH=/Users/dengzhijun/Desktop/opt/gcc-arm-none-eabi-5_4-2016q3/bin/../lib/gcc/arm-none-eabi/5.4.1/:/Users/dengzhijun/Desktop/opt/gcc-arm-none-eabi-5_4-2016q3/bin/../lib/gcc/:/Users/dengzhijun/Desktop/opt/gcc-arm-none-eabi-5_4-2016q3/bin/../lib/gcc/arm-none-eabi/5.4.1/../../../../arm-none-eabi/bin/
LIBRARY_PATH=/Users/dengzhijun/Desktop/opt/gcc-arm-none-eabi-5_4-2016q3/bin/../lib/gcc/arm-none-eabi/5.4.1/armv7e-m/:/Users/dengzhijun/Desktop/opt/gcc-arm-none-eabi-5_4-2016q3/bin/../lib/gcc/arm-none-eabi/5.4.1/../../../../arm-none-eabi/lib/armv7e-m/:/Users/dengzhijun/Desktop/opt/gcc-arm-none-eabi-5_4-2016q3/bin/../arm-none-eabi/lib/armv7e-m/:/Users/dengzhijun/Desktop/opt/gcc-arm-none-eabi-5_4-2016q3/bin/../lib/gcc/arm-none-eabi/5.4.1/:/Users/dengzhijun/Desktop/opt/gcc-arm-none-eabi-5_4-2016q3/bin/../lib/gcc/:/Users/dengzhijun/Desktop/opt/gcc-arm-none-eabi-5_4-2016q3/bin/../lib/gcc/arm-none-eabi/5.4.1/../../../../arm-none-eabi/lib/:/Users/dengzhijun/Desktop/opt/gcc-arm-none-eabi-5_4-2016q3/bin/../arm-none-eabi/lib/
COLLECT_GCC_OPTIONS='-mcpu=cortex-m4' '-mthumb' '-mthumb-interwork' '-ffunction-sections' '-fdata-sections' '-g' '-fno-common' '-fmessage-length=0' '-std=c++11' '-T' '/Users/dengzhijun/CLionProjects/miniFoc_F4/STM32F405RGTX_FLASH.ld' '-v' '-o' 'cmTC_6e12f'
 /Users/dengzhijun/Desktop/opt/gcc-arm-none-eabi-5_4-2016q3/bin/../lib/gcc/arm-none-eabi/5.4.1/collect2 -plugin /Users/dengzhijun/Desktop/opt/gcc-arm-none-eabi-5_4-2016q3/bin/../lib/gcc/arm-none-eabi/5.4.1/liblto_plugin.so -plugin-opt=/Users/dengzhijun/Desktop/opt/gcc-arm-none-eabi-5_4-2016q3/bin/../lib/gcc/arm-none-eabi/5.4.1/lto-wrapper -plugin-opt=-fresolution=/var/folders/w4/ywd0rj_j0vgb4mmqw6gd47qh0000gn/T//ccgqsvAz.res -plugin-opt=-pass-through=-lgcc -plugin-opt=-pass-through=-lg -plugin-opt=-pass-through=-lc --sysroot=/Users/dengzhijun/Desktop/opt/gcc-arm-none-eabi-5_4-2016q3/bin/../arm-none-eabi -X -o cmTC_6e12f /Users/dengzhijun/Desktop/opt/gcc-arm-none-eabi-5_4-2016q3/bin/../lib/gcc/arm-none-eabi/5.4.1/armv7e-m/crti.o /Users/dengzhijun/Desktop/opt/gcc-arm-none-eabi-5_4-2016q3/bin/../lib/gcc/arm-none-eabi/5.4.1/armv7e-m/crtbegin.o /Users/dengzhijun/Desktop/opt/gcc-arm-none-eabi-5_4-2016q3/bin/../lib/gcc/arm-none-eabi/5.4.1/../../../../arm-none-eabi/lib/armv7e-m/crt0.o -L/Users/dengzhijun/Desktop/opt/gcc-arm-none-eabi-5_4-2016q3/bin/../lib/gcc/arm-none-eabi/5.4.1/armv7e-m -L/Users/dengzhijun/Desktop/opt/gcc-arm-none-eabi-5_4-2016q3/bin/../lib/gcc/arm-none-eabi/5.4.1/../../../../arm-none-eabi/lib/armv7e-m -L/Users/dengzhijun/Desktop/opt/gcc-arm-none-eabi-5_4-2016q3/bin/../arm-none-eabi/lib/armv7e-m -L/Users/dengzhijun/Desktop/opt/gcc-arm-none-eabi-5_4-2016q3/bin/../lib/gcc/arm-none-eabi/5.4.1 -L/Users/dengzhijun/Desktop/opt/gcc-arm-none-eabi-5_4-2016q3/bin/../lib/gcc -L/Users/dengzhijun/Desktop/opt/gcc-arm-none-eabi-5_4-2016q3/bin/../lib/gcc/arm-none-eabi/5.4.1/../../../../arm-none-eabi/lib -L/Users/dengzhijun/Desktop/opt/gcc-arm-none-eabi-5_4-2016q3/bin/../arm-none-eabi/lib -gc-sections --print-memory-usage CMakeFiles/cmTC_6e12f.dir/CMakeCXXCompilerABI.cpp.obj -lstdc++ -lm --start-group -lgcc -lg -lc --end-group /Users/dengzhijun/Desktop/opt/gcc-arm-none-eabi-5_4-2016q3/bin/../lib/gcc/arm-none-eabi/5.4.1/armv7e-m/crtend.o /Users/dengzhijun/Desktop/opt/gcc-arm-none-eabi-5_4-2016q3/bin/../lib/gcc/arm-none-eabi/5.4.1/armv7e-m/crtn.o -T /Users/dengzhijun/CLionProjects/miniFoc_F4/STM32F405RGTX_FLASH.ld
Memory region         Used Size  Region Size  %age Used
          CCMRAM:          0 GB        64 KB      0.00%
             RAM:        2632 B       128 KB      2.01%
           FLASH:        1432 B         1 MB      0.14/Users/dengzhijun/Desktop/opt/gcc-arm-none-eabi-5_4-2016q3/bin/../lib/gcc/arm-none-eabi/5.4.1/../../../../arm-none-eabi/bin/ld: warning: cannot find entry symbol Reset_Handler; defaulting to 0000000008000000
%



Parsed CXX implicit include dir info from above output: rv=done
  found start of include info
  found start of implicit include info
    add: [/Users/dengzhijun/Desktop/opt/gcc-arm-none-eabi-5_4-2016q3/bin/../lib/gcc/arm-none-eabi/5.4.1/../../../../arm-none-eabi/include/c++/5.4.1]
    add: [/Users/dengzhijun/Desktop/opt/gcc-arm-none-eabi-5_4-2016q3/bin/../lib/gcc/arm-none-eabi/5.4.1/../../../../arm-none-eabi/include/c++/5.4.1/arm-none-eabi/armv7e-m]
    add: [/Users/dengzhijun/Desktop/opt/gcc-arm-none-eabi-5_4-2016q3/bin/../lib/gcc/arm-none-eabi/5.4.1/../../../../arm-none-eabi/include/c++/5.4.1/backward]
    add: [/Users/dengzhijun/Desktop/opt/gcc-arm-none-eabi-5_4-2016q3/bin/../lib/gcc/arm-none-eabi/5.4.1/include]
    add: [/Users/dengzhijun/Desktop/opt/gcc-arm-none-eabi-5_4-2016q3/bin/../lib/gcc/arm-none-eabi/5.4.1/include-fixed]
    add: [/Users/dengzhijun/Desktop/opt/gcc-arm-none-eabi-5_4-2016q3/bin/../lib/gcc/arm-none-eabi/5.4.1/../../../../arm-none-eabi/include]
  end of search list found
  collapse include dir [/Users/dengzhijun/Desktop/opt/gcc-arm-none-eabi-5_4-2016q3/bin/../lib/gcc/arm-none-eabi/5.4.1/../../../../arm-none-eabi/include/c++/5.4.1] ==> [/Users/dengzhijun/Desktop/opt/gcc-arm-none-eabi-5_4-2016q3/arm-none-eabi/include/c++/5.4.1]
  collapse include dir [/Users/dengzhijun/Desktop/opt/gcc-arm-none-eabi-5_4-2016q3/bin/../lib/gcc/arm-none-eabi/5.4.1/../../../../arm-none-eabi/include/c++/5.4.1/arm-none-eabi/armv7e-m] ==> [/Users/dengzhijun/Desktop/opt/gcc-arm-none-eabi-5_4-2016q3/arm-none-eabi/include/c++/5.4.1/arm-none-eabi/armv7e-m]
  collapse include dir [/Users/dengzhijun/Desktop/opt/gcc-arm-none-eabi-5_4-2016q3/bin/../lib/gcc/arm-none-eabi/5.4.1/../../../../arm-none-eabi/include/c++/5.4.1/backward] ==> [/Users/dengzhijun/Desktop/opt/gcc-arm-none-eabi-5_4-2016q3/arm-none-eabi/include/c++/5.4.1/backward]
  collapse include dir [/Users/dengzhijun/Desktop/opt/gcc-arm-none-eabi-5_4-2016q3/bin/../lib/gcc/arm-none-eabi/5.4.1/include] ==> [/Users/dengzhijun/Desktop/opt/gcc-arm-none-eabi-5_4-2016q3/lib/gcc/arm-none-eabi/5.4.1/include]
  collapse include dir [/Users/dengzhijun/Desktop/opt/gcc-arm-none-eabi-5_4-2016q3/bin/../lib/gcc/arm-none-eabi/5.4.1/include-fixed] ==> [/Users/dengzhijun/Desktop/opt/gcc-arm-none-eabi-5_4-2016q3/lib/gcc/arm-none-eabi/5.4.1/include-fixed]
  collapse include dir [/Users/dengzhijun/Desktop/opt/gcc-arm-none-eabi-5_4-2016q3/bin/../lib/gcc/arm-none-eabi/5.4.1/../../../../arm-none-eabi/include] ==> [/Users/dengzhijun/Desktop/opt/gcc-arm-none-eabi-5_4-2016q3/arm-none-eabi/include]
  implicit include dirs: [/Users/dengzhijun/Desktop/opt/gcc-arm-none-eabi-5_4-2016q3/arm-none-eabi/include/c++/5.4.1;/Users/dengzhijun/Desktop/opt/gcc-arm-none-eabi-5_4-2016q3/arm-none-eabi/include/c++/5.4.1/arm-none-eabi/armv7e-m;/Users/dengzhijun/Desktop/opt/gcc-arm-none-eabi-5_4-2016q3/arm-none-eabi/include/c++/5.4.1/backward;/Users/dengzhijun/Desktop/opt/gcc-arm-none-eabi-5_4-2016q3/lib/gcc/arm-none-eabi/5.4.1/include;/Users/dengzhijun/Desktop/opt/gcc-arm-none-eabi-5_4-2016q3/lib/gcc/arm-none-eabi/5.4.1/include-fixed;/Users/dengzhijun/Desktop/opt/gcc-arm-none-eabi-5_4-2016q3/arm-none-eabi/include]


Parsed CXX implicit link information from above output:
  link line regex: [^( *|.*[/\])(arm-none-eabi-ld|CMAKE_LINK_STARTFILE-NOTFOUND|([^/\]+-)?ld|collect2)[^/\]*( |$)]
  ignore line: [Change Dir: /Users/dengzhijun/CLionProjects/miniFoc_F4/cmake-build-debug/CMakeFiles/CMakeTmp]
  ignore line: []
  ignore line: [Run Build Command(s):/usr/bin/make cmTC_6e12f/fast && /Library/Developer/CommandLineTools/usr/bin/make -f CMakeFiles/cmTC_6e12f.dir/build.make CMakeFiles/cmTC_6e12f.dir/build]
  ignore line: [Building CXX object CMakeFiles/cmTC_6e12f.dir/CMakeCXXCompilerABI.cpp.obj]
  ignore line: [/Users/dengzhijun/Desktop/opt/gcc-arm-none-eabi-5_4-2016q3/bin/arm-none-eabi-g++    -mcpu=cortex-m4  -mthumb -mthumb-interwork -ffunction-sections -fdata-sections     -g -fno-common -fmessage-length=0  -std=c++11    -v -o CMakeFiles/cmTC_6e12f.dir/CMakeCXXCompilerABI.cpp.obj -c /Applications/CLion.app/Contents/bin/cmake/mac/share/cmake-3.15/Modules/CMakeCXXCompilerABI.cpp]
  ignore line: [Using built-in specs.]
  ignore line: [COLLECT_GCC=/Users/dengzhijun/Desktop/opt/gcc-arm-none-eabi-5_4-2016q3/bin/arm-none-eabi-g++]
  ignore line: [Target: arm-none-eabi]
  ignore line: [Configured with: /Users/build/workspace/GCC-5-build_build-toolchain-mac/gcc-arm-none-eabi-5_4-2016q3-20160926/src/gcc/configure --target=arm-none-eabi --prefix=/Users/build/workspace/GCC-5-build_build-toolchain-mac/gcc-arm-none-eabi-5_4-2016q3-20160926/install-native --libexecdir=/Users/build/workspace/GCC-5-build_build-toolchain-mac/gcc-arm-none-eabi-5_4-2016q3-20160926/install-native/lib --infodir=/Users/build/workspace/GCC-5-build_build-toolchain-mac/gcc-arm-none-eabi-5_4-2016q3-20160926/install-native/share/doc/gcc-arm-none-eabi/info --mandir=/Users/build/workspace/GCC-5-build_build-toolchain-mac/gcc-arm-none-eabi-5_4-2016q3-20160926/install-native/share/doc/gcc-arm-none-eabi/man --htmldir=/Users/build/workspace/GCC-5-build_build-toolchain-mac/gcc-arm-none-eabi-5_4-2016q3-20160926/install-native/share/doc/gcc-arm-none-eabi/html --pdfdir=/Users/build/workspace/GCC-5-build_build-toolchain-mac/gcc-arm-none-eabi-5_4-2016q3-20160926/install-native/share/doc/gcc-arm-none-eabi/pdf --enable-languages=c,c++ --enable-plugins --disable-decimal-float --disable-libffi --disable-libgomp --disable-libmudflap --disable-libquadmath --disable-libssp --disable-libstdcxx-pch --disable-nls --disable-shared --disable-threads --disable-tls --with-gnu-as --with-gnu-ld --with-newlib --with-headers=yes --with-python-dir=share/gcc-arm-none-eabi --with-sysroot=/Users/build/workspace/GCC-5-build_build-toolchain-mac/gcc-arm-none-eabi-5_4-2016q3-20160926/install-native/arm-none-eabi --build=x86_64-apple-darwin10 --host=x86_64-apple-darwin10 --with-gmp=/Users/build/workspace/GCC-5-build_build-toolchain-mac/gcc-arm-none-eabi-5_4-2016q3-20160926/build-native/host-libs/usr --with-mpfr=/Users/build/workspace/GCC-5-build_build-toolchain-mac/gcc-arm-none-eabi-5_4-2016q3-20160926/build-native/host-libs/usr --with-mpc=/Users/build/workspace/GCC-5-build_build-toolchain-mac/gcc-arm-none-eabi-5_4-2016q3-20160926/build-native/host-libs/usr --with-isl=/Users/build/workspace/GCC-5-build_build-toolchain-mac/gcc-arm-none-eabi-5_4-2016q3-20160926/build-native/host-libs/usr --with-cloog=/Users/build/workspace/GCC-5-build_build-toolchain-mac/gcc-arm-none-eabi-5_4-2016q3-20160926/build-native/host-libs/usr --with-libelf=/Users/build/workspace/GCC-5-build_build-toolchain-mac/gcc-arm-none-eabi-5_4-2016q3-20160926/build-native/host-libs/usr --with-host-libstdcxx='-static-libgcc -Wl,-lstdc++ -lm' --with-pkgversion='GNU Tools for ARM Embedded Processors' --with-multilib-list=armv6-m,armv7-m,armv7e-m,armv7-r,armv8-m.base,armv8-m.main]
  ignore line: [Thread model: single]
  ignore line: [gcc version 5.4.1 20160919 (release) [ARM/embedded-5-branch revision 240496] (GNU Tools for ARM Embedded Processors) ]
  ignore line: [COLLECT_GCC_OPTIONS='-mcpu=cortex-m4' '-mthumb' '-mthumb-interwork' '-ffunction-sections' '-fdata-sections' '-g' '-fno-common' '-fmessage-length=0' '-std=c++11' '-v' '-o' 'CMakeFiles/cmTC_6e12f.dir/CMakeCXXCompilerABI.cpp.obj' '-c']
  ignore line: [ /Users/dengzhijun/Desktop/opt/gcc-arm-none-eabi-5_4-2016q3/bin/../lib/gcc/arm-none-eabi/5.4.1/cc1plus -quiet -v -imultilib armv7e-m -iprefix /Users/dengzhijun/Desktop/opt/gcc-arm-none-eabi-5_4-2016q3/bin/../lib/gcc/arm-none-eabi/5.4.1/ -isysroot /Users/dengzhijun/Desktop/opt/gcc-arm-none-eabi-5_4-2016q3/bin/../arm-none-eabi -D__USES_INITFINI__ /Applications/CLion.app/Contents/bin/cmake/mac/share/cmake-3.15/Modules/CMakeCXXCompilerABI.cpp -quiet -dumpbase CMakeCXXCompilerABI.cpp -mcpu=cortex-m4 -mthumb -mthumb-interwork -auxbase-strip CMakeFiles/cmTC_6e12f.dir/CMakeCXXCompilerABI.cpp.obj -g -std=c++11 -version -ffunction-sections -fdata-sections -fno-common -fmessage-length=0 -o /var/folders/w4/ywd0rj_j0vgb4mmqw6gd47qh0000gn/T//ccNsHIMA.s]
  ignore line: [GNU C++11 (GNU Tools for ARM Embedded Processors) version 5.4.1 20160919 (release) [ARM/embedded-5-branch revision 240496] (arm-none-eabi)]
  ignore line: [	compiled by GNU C version 4.2.1 (Based on Apple Inc. build 5658) (LLVM build 2336.9.00), GMP version 4.3.2, MPFR version 2.4.2, MPC version 0.8.1]
  ignore line: [GGC heuristics: --param ggc-min-expand=100 --param ggc-min-heapsize=131072]
  ignore line: [ignoring duplicate directory "/Users/dengzhijun/Desktop/opt/gcc-arm-none-eabi-5_4-2016q3/bin/../lib/gcc/../../lib/gcc/arm-none-eabi/5.4.1/../../../../arm-none-eabi/include/c++/5.4.1"]
  ignore line: [ignoring duplicate directory "/Users/dengzhijun/Desktop/opt/gcc-arm-none-eabi-5_4-2016q3/bin/../lib/gcc/../../lib/gcc/arm-none-eabi/5.4.1/../../../../arm-none-eabi/include/c++/5.4.1/arm-none-eabi/armv7e-m"]
  ignore line: [ignoring duplicate directory "/Users/dengzhijun/Desktop/opt/gcc-arm-none-eabi-5_4-2016q3/bin/../lib/gcc/../../lib/gcc/arm-none-eabi/5.4.1/../../../../arm-none-eabi/include/c++/5.4.1/backward"]
  ignore line: [ignoring duplicate directory "/Users/dengzhijun/Desktop/opt/gcc-arm-none-eabi-5_4-2016q3/bin/../lib/gcc/../../lib/gcc/arm-none-eabi/5.4.1/include"]
  ignore line: [ignoring nonexistent directory "/Users/dengzhijun/Desktop/opt/gcc-arm-none-eabi-5_4-2016q3/bin/../arm-none-eabi/usr/local/include"]
  ignore line: [ignoring duplicate directory "/Users/dengzhijun/Desktop/opt/gcc-arm-none-eabi-5_4-2016q3/bin/../lib/gcc/../../lib/gcc/arm-none-eabi/5.4.1/include-fixed"]
  ignore line: [ignoring duplicate directory "/Users/dengzhijun/Desktop/opt/gcc-arm-none-eabi-5_4-2016q3/bin/../lib/gcc/../../lib/gcc/arm-none-eabi/5.4.1/../../../../arm-none-eabi/include"]
  ignore line: [ignoring nonexistent directory "/Users/dengzhijun/Desktop/opt/gcc-arm-none-eabi-5_4-2016q3/bin/../arm-none-eabi/usr/include"]
  ignore line: [#include "..." search starts here:]
  ignore line: [#include <...> search starts here:]
  ignore line: [ /Users/dengzhijun/Desktop/opt/gcc-arm-none-eabi-5_4-2016q3/bin/../lib/gcc/arm-none-eabi/5.4.1/../../../../arm-none-eabi/include/c++/5.4.1]
  ignore line: [ /Users/dengzhijun/Desktop/opt/gcc-arm-none-eabi-5_4-2016q3/bin/../lib/gcc/arm-none-eabi/5.4.1/../../../../arm-none-eabi/include/c++/5.4.1/arm-none-eabi/armv7e-m]
  ignore line: [ /Users/dengzhijun/Desktop/opt/gcc-arm-none-eabi-5_4-2016q3/bin/../lib/gcc/arm-none-eabi/5.4.1/../../../../arm-none-eabi/include/c++/5.4.1/backward]
  ignore line: [ /Users/dengzhijun/Desktop/opt/gcc-arm-none-eabi-5_4-2016q3/bin/../lib/gcc/arm-none-eabi/5.4.1/include]
  ignore line: [ /Users/dengzhijun/Desktop/opt/gcc-arm-none-eabi-5_4-2016q3/bin/../lib/gcc/arm-none-eabi/5.4.1/include-fixed]
  ignore line: [ /Users/dengzhijun/Desktop/opt/gcc-arm-none-eabi-5_4-2016q3/bin/../lib/gcc/arm-none-eabi/5.4.1/../../../../arm-none-eabi/include]
  ignore line: [End of search list.]
  ignore line: [GNU C++11 (GNU Tools for ARM Embedded Processors) version 5.4.1 20160919 (release) [ARM/embedded-5-branch revision 240496] (arm-none-eabi)]
  ignore line: [	compiled by GNU C version 4.2.1 (Based on Apple Inc. build 5658) (LLVM build 2336.9.00), GMP version 4.3.2, MPFR version 2.4.2, MPC version 0.8.1]
  ignore line: [GGC heuristics: --param ggc-min-expand=100 --param ggc-min-heapsize=131072]
  ignore line: [Compiler executable checksum: 76fd8cf3e92c91cdbf74e79d0688ed8b]
  ignore line: [COLLECT_GCC_OPTIONS='-mcpu=cortex-m4' '-mthumb' '-mthumb-interwork' '-ffunction-sections' '-fdata-sections' '-g' '-fno-common' '-fmessage-length=0' '-std=c++11' '-v' '-o' 'CMakeFiles/cmTC_6e12f.dir/CMakeCXXCompilerABI.cpp.obj' '-c']
  ignore line: [ /Users/dengzhijun/Desktop/opt/gcc-arm-none-eabi-5_4-2016q3/bin/../lib/gcc/arm-none-eabi/5.4.1/../../../../arm-none-eabi/bin/as -v -mcpu=cortex-m4 -mthumb-interwork -meabi=5 -o CMakeFiles/cmTC_6e12f.dir/CMakeCXXCompilerABI.cpp.obj /var/folders/w4/ywd0rj_j0vgb4mmqw6gd47qh0000gn/T//ccNsHIMA.s]
  ignore line: [GNU assembler version 2.26.2 (arm-none-eabi) using BFD version (GNU Tools for ARM Embedded Processors) 2.26.2.20160923]
  ignore line: [COMPILER_PATH=/Users/dengzhijun/Desktop/opt/gcc-arm-none-eabi-5_4-2016q3/bin/../lib/gcc/arm-none-eabi/5.4.1/:/Users/dengzhijun/Desktop/opt/gcc-arm-none-eabi-5_4-2016q3/bin/../lib/gcc/:/Users/dengzhijun/Desktop/opt/gcc-arm-none-eabi-5_4-2016q3/bin/../lib/gcc/arm-none-eabi/5.4.1/../../../../arm-none-eabi/bin/]
  ignore line: [LIBRARY_PATH=/Users/dengzhijun/Desktop/opt/gcc-arm-none-eabi-5_4-2016q3/bin/../lib/gcc/arm-none-eabi/5.4.1/armv7e-m/:/Users/dengzhijun/Desktop/opt/gcc-arm-none-eabi-5_4-2016q3/bin/../lib/gcc/arm-none-eabi/5.4.1/../../../../arm-none-eabi/lib/armv7e-m/:/Users/dengzhijun/Desktop/opt/gcc-arm-none-eabi-5_4-2016q3/bin/../arm-none-eabi/lib/armv7e-m/:/Users/dengzhijun/Desktop/opt/gcc-arm-none-eabi-5_4-2016q3/bin/../lib/gcc/arm-none-eabi/5.4.1/:/Users/dengzhijun/Desktop/opt/gcc-arm-none-eabi-5_4-2016q3/bin/../lib/gcc/:/Users/dengzhijun/Desktop/opt/gcc-arm-none-eabi-5_4-2016q3/bin/../lib/gcc/arm-none-eabi/5.4.1/../../../../arm-none-eabi/lib/:/Users/dengzhijun/Desktop/opt/gcc-arm-none-eabi-5_4-2016q3/bin/../arm-none-eabi/lib/]
  ignore line: [COLLECT_GCC_OPTIONS='-mcpu=cortex-m4' '-mthumb' '-mthumb-interwork' '-ffunction-sections' '-fdata-sections' '-g' '-fno-common' '-fmessage-length=0' '-std=c++11' '-v' '-o' 'CMakeFiles/cmTC_6e12f.dir/CMakeCXXCompilerABI.cpp.obj' '-c']
  ignore line: [Linking CXX executable cmTC_6e12f]
  ignore line: [/Applications/CLion.app/Contents/bin/cmake/mac/bin/cmake -E cmake_link_script CMakeFiles/cmTC_6e12f.dir/link.txt --verbose=1]
  ignore line: [/Users/dengzhijun/Desktop/opt/gcc-arm-none-eabi-5_4-2016q3/bin/arm-none-eabi-g++  -mcpu=cortex-m4  -mthumb -mthumb-interwork -ffunction-sections -fdata-sections     -g -fno-common -fmessage-length=0  -std=c++11   -Wl,-gc-sections,--print-memory-usage -T /Users/dengzhijun/CLionProjects/miniFoc_F4/STM32F405RGTX_FLASH.ld -v CMakeFiles/cmTC_6e12f.dir/CMakeCXXCompilerABI.cpp.obj  -o cmTC_6e12f ]
  ignore line: [Using built-in specs.]
  ignore line: [COLLECT_GCC=/Users/dengzhijun/Desktop/opt/gcc-arm-none-eabi-5_4-2016q3/bin/arm-none-eabi-g++]
  ignore line: [COLLECT_LTO_WRAPPER=/Users/dengzhijun/Desktop/opt/gcc-arm-none-eabi-5_4-2016q3/bin/../lib/gcc/arm-none-eabi/5.4.1/lto-wrapper]
  ignore line: [Target: arm-none-eabi]
  ignore line: [Configured with: /Users/build/workspace/GCC-5-build_build-toolchain-mac/gcc-arm-none-eabi-5_4-2016q3-20160926/src/gcc/configure --target=arm-none-eabi --prefix=/Users/build/workspace/GCC-5-build_build-toolchain-mac/gcc-arm-none-eabi-5_4-2016q3-20160926/install-native --libexecdir=/Users/build/workspace/GCC-5-build_build-toolchain-mac/gcc-arm-none-eabi-5_4-2016q3-20160926/install-native/lib --infodir=/Users/build/workspace/GCC-5-build_build-toolchain-mac/gcc-arm-none-eabi-5_4-2016q3-20160926/install-native/share/doc/gcc-arm-none-eabi/info --mandir=/Users/build/workspace/GCC-5-build_build-toolchain-mac/gcc-arm-none-eabi-5_4-2016q3-20160926/install-native/share/doc/gcc-arm-none-eabi/man --htmldir=/Users/build/workspace/GCC-5-build_build-toolchain-mac/gcc-arm-none-eabi-5_4-2016q3-20160926/install-native/share/doc/gcc-arm-none-eabi/html --pdfdir=/Users/build/workspace/GCC-5-build_build-toolchain-mac/gcc-arm-none-eabi-5_4-2016q3-20160926/install-native/share/doc/gcc-arm-none-eabi/pdf --enable-languages=c,c++ --enable-plugins --disable-decimal-float --disable-libffi --disable-libgomp --disable-libmudflap --disable-libquadmath --disable-libssp --disable-libstdcxx-pch --disable-nls --disable-shared --disable-threads --disable-tls --with-gnu-as --with-gnu-ld --with-newlib --with-headers=yes --with-python-dir=share/gcc-arm-none-eabi --with-sysroot=/Users/build/workspace/GCC-5-build_build-toolchain-mac/gcc-arm-none-eabi-5_4-2016q3-20160926/install-native/arm-none-eabi --build=x86_64-apple-darwin10 --host=x86_64-apple-darwin10 --with-gmp=/Users/build/workspace/GCC-5-build_build-toolchain-mac/gcc-arm-none-eabi-5_4-2016q3-20160926/build-native/host-libs/usr --with-mpfr=/Users/build/workspace/GCC-5-build_build-toolchain-mac/gcc-arm-none-eabi-5_4-2016q3-20160926/build-native/host-libs/usr --with-mpc=/Users/build/workspace/GCC-5-build_build-toolchain-mac/gcc-arm-none-eabi-5_4-2016q3-20160926/build-native/host-libs/usr --with-isl=/Users/build/workspace/GCC-5-build_build-toolchain-mac/gcc-arm-none-eabi-5_4-2016q3-20160926/build-native/host-libs/usr --with-cloog=/Users/build/workspace/GCC-5-build_build-toolchain-mac/gcc-arm-none-eabi-5_4-2016q3-20160926/build-native/host-libs/usr --with-libelf=/Users/build/workspace/GCC-5-build_build-toolchain-mac/gcc-arm-none-eabi-5_4-2016q3-20160926/build-native/host-libs/usr --with-host-libstdcxx='-static-libgcc -Wl,-lstdc++ -lm' --with-pkgversion='GNU Tools for ARM Embedded Processors' --with-multilib-list=armv6-m,armv7-m,armv7e-m,armv7-r,armv8-m.base,armv8-m.main]
  ignore line: [Thread model: single]
  ignore line: [gcc version 5.4.1 20160919 (release) [ARM/embedded-5-branch revision 240496] (GNU Tools for ARM Embedded Processors) ]
  ignore line: [COMPILER_PATH=/Users/dengzhijun/Desktop/opt/gcc-arm-none-eabi-5_4-2016q3/bin/../lib/gcc/arm-none-eabi/5.4.1/:/Users/dengzhijun/Desktop/opt/gcc-arm-none-eabi-5_4-2016q3/bin/../lib/gcc/:/Users/dengzhijun/Desktop/opt/gcc-arm-none-eabi-5_4-2016q3/bin/../lib/gcc/arm-none-eabi/5.4.1/../../../../arm-none-eabi/bin/]
  ignore line: [LIBRARY_PATH=/Users/dengzhijun/Desktop/opt/gcc-arm-none-eabi-5_4-2016q3/bin/../lib/gcc/arm-none-eabi/5.4.1/armv7e-m/:/Users/dengzhijun/Desktop/opt/gcc-arm-none-eabi-5_4-2016q3/bin/../lib/gcc/arm-none-eabi/5.4.1/../../../../arm-none-eabi/lib/armv7e-m/:/Users/dengzhijun/Desktop/opt/gcc-arm-none-eabi-5_4-2016q3/bin/../arm-none-eabi/lib/armv7e-m/:/Users/dengzhijun/Desktop/opt/gcc-arm-none-eabi-5_4-2016q3/bin/../lib/gcc/arm-none-eabi/5.4.1/:/Users/dengzhijun/Desktop/opt/gcc-arm-none-eabi-5_4-2016q3/bin/../lib/gcc/:/Users/dengzhijun/Desktop/opt/gcc-arm-none-eabi-5_4-2016q3/bin/../lib/gcc/arm-none-eabi/5.4.1/../../../../arm-none-eabi/lib/:/Users/dengzhijun/Desktop/opt/gcc-arm-none-eabi-5_4-2016q3/bin/../arm-none-eabi/lib/]
  ignore line: [COLLECT_GCC_OPTIONS='-mcpu=cortex-m4' '-mthumb' '-mthumb-interwork' '-ffunction-sections' '-fdata-sections' '-g' '-fno-common' '-fmessage-length=0' '-std=c++11' '-T' '/Users/dengzhijun/CLionProjects/miniFoc_F4/STM32F405RGTX_FLASH.ld' '-v' '-o' 'cmTC_6e12f']
  link line: [ /Users/dengzhijun/Desktop/opt/gcc-arm-none-eabi-5_4-2016q3/bin/../lib/gcc/arm-none-eabi/5.4.1/collect2 -plugin /Users/dengzhijun/Desktop/opt/gcc-arm-none-eabi-5_4-2016q3/bin/../lib/gcc/arm-none-eabi/5.4.1/liblto_plugin.so -plugin-opt=/Users/dengzhijun/Desktop/opt/gcc-arm-none-eabi-5_4-2016q3/bin/../lib/gcc/arm-none-eabi/5.4.1/lto-wrapper -plugin-opt=-fresolution=/var/folders/w4/ywd0rj_j0vgb4mmqw6gd47qh0000gn/T//ccgqsvAz.res -plugin-opt=-pass-through=-lgcc -plugin-opt=-pass-through=-lg -plugin-opt=-pass-through=-lc --sysroot=/Users/dengzhijun/Desktop/opt/gcc-arm-none-eabi-5_4-2016q3/bin/../arm-none-eabi -X -o cmTC_6e12f /Users/dengzhijun/Desktop/opt/gcc-arm-none-eabi-5_4-2016q3/bin/../lib/gcc/arm-none-eabi/5.4.1/armv7e-m/crti.o /Users/dengzhijun/Desktop/opt/gcc-arm-none-eabi-5_4-2016q3/bin/../lib/gcc/arm-none-eabi/5.4.1/armv7e-m/crtbegin.o /Users/dengzhijun/Desktop/opt/gcc-arm-none-eabi-5_4-2016q3/bin/../lib/gcc/arm-none-eabi/5.4.1/../../../../arm-none-eabi/lib/armv7e-m/crt0.o -L/Users/dengzhijun/Desktop/opt/gcc-arm-none-eabi-5_4-2016q3/bin/../lib/gcc/arm-none-eabi/5.4.1/armv7e-m -L/Users/dengzhijun/Desktop/opt/gcc-arm-none-eabi-5_4-2016q3/bin/../lib/gcc/arm-none-eabi/5.4.1/../../../../arm-none-eabi/lib/armv7e-m -L/Users/dengzhijun/Desktop/opt/gcc-arm-none-eabi-5_4-2016q3/bin/../arm-none-eabi/lib/armv7e-m -L/Users/dengzhijun/Desktop/opt/gcc-arm-none-eabi-5_4-2016q3/bin/../lib/gcc/arm-none-eabi/5.4.1 -L/Users/dengzhijun/Desktop/opt/gcc-arm-none-eabi-5_4-2016q3/bin/../lib/gcc -L/Users/dengzhijun/Desktop/opt/gcc-arm-none-eabi-5_4-2016q3/bin/../lib/gcc/arm-none-eabi/5.4.1/../../../../arm-none-eabi/lib -L/Users/dengzhijun/Desktop/opt/gcc-arm-none-eabi-5_4-2016q3/bin/../arm-none-eabi/lib -gc-sections --print-memory-usage CMakeFiles/cmTC_6e12f.dir/CMakeCXXCompilerABI.cpp.obj -lstdc++ -lm --start-group -lgcc -lg -lc --end-group /Users/dengzhijun/Desktop/opt/gcc-arm-none-eabi-5_4-2016q3/bin/../lib/gcc/arm-none-eabi/5.4.1/armv7e-m/crtend.o /Users/dengzhijun/Desktop/opt/gcc-arm-none-eabi-5_4-2016q3/bin/../lib/gcc/arm-none-eabi/5.4.1/armv7e-m/crtn.o -T /Users/dengzhijun/CLionProjects/miniFoc_F4/STM32F405RGTX_FLASH.ld]
    arg [/Users/dengzhijun/Desktop/opt/gcc-arm-none-eabi-5_4-2016q3/bin/../lib/gcc/arm-none-eabi/5.4.1/collect2] ==> ignore
    arg [-plugin] ==> ignore
    arg [/Users/dengzhijun/Desktop/opt/gcc-arm-none-eabi-5_4-2016q3/bin/../lib/gcc/arm-none-eabi/5.4.1/liblto_plugin.so] ==> ignore
    arg [-plugin-opt=/Users/dengzhijun/Desktop/opt/gcc-arm-none-eabi-5_4-2016q3/bin/../lib/gcc/arm-none-eabi/5.4.1/lto-wrapper] ==> ignore
    arg [-plugin-opt=-fresolution=/var/folders/w4/ywd0rj_j0vgb4mmqw6gd47qh0000gn/T//ccgqsvAz.res] ==> ignore
    arg [-plugin-opt=-pass-through=-lgcc] ==> ignore
    arg [-plugin-opt=-pass-through=-lg] ==> ignore
    arg [-plugin-opt=-pass-through=-lc] ==> ignore
    arg [--sysroot=/Users/dengzhijun/Desktop/opt/gcc-arm-none-eabi-5_4-2016q3/bin/../arm-none-eabi] ==> ignore
    arg [-X] ==> ignore
    arg [-o] ==> ignore
    arg [cmTC_6e12f] ==> ignore
    arg [/Users/dengzhijun/Desktop/opt/gcc-arm-none-eabi-5_4-2016q3/bin/../lib/gcc/arm-none-eabi/5.4.1/armv7e-m/crti.o] ==> ignore
    arg [/Users/dengzhijun/Desktop/opt/gcc-arm-none-eabi-5_4-2016q3/bin/../lib/gcc/arm-none-eabi/5.4.1/armv7e-m/crtbegin.o] ==> ignore
    arg [/Users/dengzhijun/Desktop/opt/gcc-arm-none-eabi-5_4-2016q3/bin/../lib/gcc/arm-none-eabi/5.4.1/../../../../arm-none-eabi/lib/armv7e-m/crt0.o] ==> ignore
    arg [-L/Users/dengzhijun/Desktop/opt/gcc-arm-none-eabi-5_4-2016q3/bin/../lib/gcc/arm-none-eabi/5.4.1/armv7e-m] ==> dir [/Users/dengzhijun/Desktop/opt/gcc-arm-none-eabi-5_4-2016q3/bin/../lib/gcc/arm-none-eabi/5.4.1/armv7e-m]
    arg [-L/Users/dengzhijun/Desktop/opt/gcc-arm-none-eabi-5_4-2016q3/bin/../lib/gcc/arm-none-eabi/5.4.1/../../../../arm-none-eabi/lib/armv7e-m] ==> dir [/Users/dengzhijun/Desktop/opt/gcc-arm-none-eabi-5_4-2016q3/bin/../lib/gcc/arm-none-eabi/5.4.1/../../../../arm-none-eabi/lib/armv7e-m]
    arg [-L/Users/dengzhijun/Desktop/opt/gcc-arm-none-eabi-5_4-2016q3/bin/../arm-none-eabi/lib/armv7e-m] ==> dir [/Users/dengzhijun/Desktop/opt/gcc-arm-none-eabi-5_4-2016q3/bin/../arm-none-eabi/lib/armv7e-m]
    arg [-L/Users/dengzhijun/Desktop/opt/gcc-arm-none-eabi-5_4-2016q3/bin/../lib/gcc/arm-none-eabi/5.4.1] ==> dir [/Users/dengzhijun/Desktop/opt/gcc-arm-none-eabi-5_4-2016q3/bin/../lib/gcc/arm-none-eabi/5.4.1]
    arg [-L/Users/dengzhijun/Desktop/opt/gcc-arm-none-eabi-5_4-2016q3/bin/../lib/gcc] ==> dir [/Users/dengzhijun/Desktop/opt/gcc-arm-none-eabi-5_4-2016q3/bin/../lib/gcc]
    arg [-L/Users/dengzhijun/Desktop/opt/gcc-arm-none-eabi-5_4-2016q3/bin/../lib/gcc/arm-none-eabi/5.4.1/../../../../arm-none-eabi/lib] ==> dir [/Users/dengzhijun/Desktop/opt/gcc-arm-none-eabi-5_4-2016q3/bin/../lib/gcc/arm-none-eabi/5.4.1/../../../../arm-none-eabi/lib]
    arg [-L/Users/dengzhijun/Desktop/opt/gcc-arm-none-eabi-5_4-2016q3/bin/../arm-none-eabi/lib] ==> dir [/Users/dengzhijun/Desktop/opt/gcc-arm-none-eabi-5_4-2016q3/bin/../arm-none-eabi/lib]
    arg [-gc-sections] ==> ignore
    arg [--print-memory-usage] ==> ignore
    arg [CMakeFiles/cmTC_6e12f.dir/CMakeCXXCompilerABI.cpp.obj] ==> ignore
    arg [-lstdc++] ==> lib [stdc++]
    arg [-lm] ==> lib [m]
    arg [--start-group] ==> ignore
    arg [-lgcc] ==> lib [gcc]
    arg [-lg] ==> lib [g]
    arg [-lc] ==> lib [c]
    arg [--end-group] ==> ignore
    arg [/Users/dengzhijun/Desktop/opt/gcc-arm-none-eabi-5_4-2016q3/bin/../lib/gcc/arm-none-eabi/5.4.1/armv7e-m/crtend.o] ==> ignore
    arg [/Users/dengzhijun/Desktop/opt/gcc-arm-none-eabi-5_4-2016q3/bin/../lib/gcc/arm-none-eabi/5.4.1/armv7e-m/crtn.o] ==> ignore
    arg [-T] ==> ignore
    arg [/Users/dengzhijun/CLionProjects/miniFoc_F4/STM32F405RGTX_FLASH.ld] ==> ignore
  collapse library dir [/Users/dengzhijun/Desktop/opt/gcc-arm-none-eabi-5_4-2016q3/bin/../lib/gcc/arm-none-eabi/5.4.1/armv7e-m] ==> [/Users/dengzhijun/Desktop/opt/gcc-arm-none-eabi-5_4-2016q3/lib/gcc/arm-none-eabi/5.4.1/armv7e-m]
  collapse library dir [/Users/dengzhijun/Desktop/opt/gcc-arm-none-eabi-5_4-2016q3/bin/../lib/gcc/arm-none-eabi/5.4.1/../../../../arm-none-eabi/lib/armv7e-m] ==> [/Users/dengzhijun/Desktop/opt/gcc-arm-none-eabi-5_4-2016q3/arm-none-eabi/lib/armv7e-m]
  collapse library dir [/Users/dengzhijun/Desktop/opt/gcc-arm-none-eabi-5_4-2016q3/bin/../arm-none-eabi/lib/armv7e-m] ==> [/Users/dengzhijun/Desktop/opt/gcc-arm-none-eabi-5_4-2016q3/arm-none-eabi/lib/armv7e-m]
  collapse library dir [/Users/dengzhijun/Desktop/opt/gcc-arm-none-eabi-5_4-2016q3/bin/../lib/gcc/arm-none-eabi/5.4.1] ==> [/Users/dengzhijun/Desktop/opt/gcc-arm-none-eabi-5_4-2016q3/lib/gcc/arm-none-eabi/5.4.1]
  collapse library dir [/Users/dengzhijun/Desktop/opt/gcc-arm-none-eabi-5_4-2016q3/bin/../lib/gcc] ==> [/Users/dengzhijun/Desktop/opt/gcc-arm-none-eabi-5_4-2016q3/lib/gcc]
  collapse library dir [/Users/dengzhijun/Desktop/opt/gcc-arm-none-eabi-5_4-2016q3/bin/../lib/gcc/arm-none-eabi/5.4.1/../../../../arm-none-eabi/lib] ==> [/Users/dengzhijun/Desktop/opt/gcc-arm-none-eabi-5_4-2016q3/arm-none-eabi/lib]
  collapse library dir [/Users/dengzhijun/Desktop/opt/gcc-arm-none-eabi-5_4-2016q3/bin/../arm-none-eabi/lib] ==> [/Users/dengzhijun/Desktop/opt/gcc-arm-none-eabi-5_4-2016q3/arm-none-eabi/lib]
  implicit libs: [stdc++;m;gcc;g;c]
  implicit dirs: [/Users/dengzhijun/Desktop/opt/gcc-arm-none-eabi-5_4-2016q3/lib/gcc/arm-none-eabi/5.4.1/armv7e-m;/Users/dengzhijun/Desktop/opt/gcc-arm-none-eabi-5_4-2016q3/arm-none-eabi/lib/armv7e-m;/Users/dengzhijun/Desktop/opt/gcc-arm-none-eabi-5_4-2016q3/lib/gcc/arm-none-eabi/5.4.1;/Users/dengzhijun/Desktop/opt/gcc-arm-none-eabi-5_4-2016q3/lib/gcc;/Users/dengzhijun/Desktop/opt/gcc-arm-none-eabi-5_4-2016q3/arm-none-eabi/lib]
  implicit fwks: []


